<?xml version="1.0" encoding="UTF-8"?>
<coverage generated="1529412550662" clover="3.2.0">
  <project timestamp="1529412550662" name="All files">
    <metrics statements="421" coveredstatements="62" conditionals="161" coveredconditionals="30" methods="117" coveredmethods="22" elements="699" coveredelements="114" complexity="0" loc="421" ncloc="421" packages="14" files="30" classes="30">
      <package name="coverage.lcov-report">
        <metrics statements="27" coveredstatements="0" conditionals="15" coveredconditionals="0" methods="6" coveredmethods="0"/>
        <file name="block-navigation.js" path="/Users/pirman/Documents/git/nexus-search-webapp/coverage/lcov-report/block-navigation.js">
          <metrics statements="27" coveredstatements="0" conditionals="15" coveredconditionals="0" methods="6" coveredmethods="0"/>
          <line num="1" count="0" type="stmt"/>
          <line num="3" count="0" type="stmt"/>
          <line num="6" count="0" type="stmt"/>
          <line num="9" count="0" type="stmt"/>
          <line num="12" count="0" type="stmt"/>
          <line num="17" count="0" type="stmt"/>
          <line num="18" count="0" type="stmt"/>
          <line num="22" count="0" type="stmt"/>
          <line num="23" count="0" type="stmt"/>
          <line num="24" count="0" type="stmt"/>
          <line num="29" count="0" type="stmt"/>
          <line num="30" count="0" type="cond" truecount="0" falsecount="4"/>
          <line num="31" count="0" type="stmt"/>
          <line num="32" count="0" type="cond" truecount="0" falsecount="2"/>
          <line num="33" count="0" type="stmt"/>
          <line num="36" count="0" type="stmt"/>
          <line num="40" count="0" type="stmt"/>
          <line num="42" count="0" type="cond" truecount="0" falsecount="4"/>
          <line num="43" count="0" type="stmt"/>
          <line num="46" count="0" type="stmt"/>
          <line num="49" count="0" type="stmt"/>
          <line num="50" count="0" type="stmt"/>
          <line num="53" count="0" type="stmt"/>
          <line num="54" count="0" type="stmt"/>
          <line num="58" count="0" type="stmt"/>
          <line num="59" count="0" type="stmt"/>
          <line num="63" count="0" type="stmt"/>
        </file>
      </package>
      <package name="server">
        <metrics statements="23" coveredstatements="0" conditionals="14" coveredconditionals="0" methods="6" coveredmethods="0"/>
        <file name="config.js" path="/Users/pirman/Documents/git/nexus-search-webapp/server/config.js">
          <metrics statements="7" coveredstatements="0" conditionals="4" coveredconditionals="0" methods="0" coveredmethods="0"/>
          <line num="1" count="0" type="stmt"/>
          <line num="2" count="0" type="stmt"/>
          <line num="3" count="0" type="stmt"/>
          <line num="5" count="0" type="cond" truecount="0" falsecount="2"/>
          <line num="6" count="0" type="stmt"/>
          <line num="10" count="0" type="cond" truecount="0" falsecount="2"/>
          <line num="11" count="0" type="stmt"/>
        </file>
        <file name="index.js" path="/Users/pirman/Documents/git/nexus-search-webapp/server/index.js">
          <metrics statements="9" coveredstatements="0" conditionals="3" coveredconditionals="0" methods="1" coveredmethods="0"/>
          <line num="1" count="0" type="stmt"/>
          <line num="2" count="0" type="stmt"/>
          <line num="3" count="0" type="stmt"/>
          <line num="4" count="0" type="stmt"/>
          <line num="6" count="0" type="stmt"/>
          <line num="8" count="0" type="stmt"/>
          <line num="9" count="0" type="stmt"/>
          <line num="11" count="0" type="stmt"/>
          <line num="14" count="0" type="stmt"/>
        </file>
        <file name="routes.js" path="/Users/pirman/Documents/git/nexus-search-webapp/server/routes.js">
          <metrics statements="7" coveredstatements="0" conditionals="7" coveredconditionals="0" methods="5" coveredmethods="0"/>
          <line num="1" count="0" type="stmt"/>
          <line num="2" count="0" type="stmt"/>
          <line num="4" count="0" type="stmt"/>
          <line num="5" count="0" type="stmt"/>
          <line num="6" count="0" type="cond" truecount="0" falsecount="7"/>
          <line num="7" count="0" type="stmt"/>
          <line num="9" count="0" type="stmt"/>
        </file>
      </package>
      <package name="server.elastic-search">
        <metrics statements="23" coveredstatements="14" conditionals="7" coveredconditionals="7" methods="6" coveredmethods="6"/>
        <file name="errors.js" path="/Users/pirman/Documents/git/nexus-search-webapp/server/elastic-search/errors.js">
          <metrics statements="4" coveredstatements="4" conditionals="0" coveredconditionals="0" methods="2" coveredmethods="2"/>
          <line num="4" count="2" type="stmt"/>
          <line num="5" count="2" type="stmt"/>
          <line num="12" count="2" type="stmt"/>
          <line num="13" count="2" type="stmt"/>
        </file>
        <file name="index.js" path="/Users/pirman/Documents/git/nexus-search-webapp/server/elastic-search/index.js">
          <metrics statements="9" coveredstatements="0" conditionals="0" coveredconditionals="0" methods="0" coveredmethods="0"/>
          <line num="1" count="0" type="stmt"/>
          <line num="2" count="0" type="stmt"/>
          <line num="3" count="0" type="stmt"/>
          <line num="4" count="0" type="stmt"/>
          <line num="5" count="0" type="stmt"/>
          <line num="6" count="0" type="stmt"/>
          <line num="8" count="0" type="stmt"/>
          <line num="9" count="0" type="stmt"/>
          <line num="13" count="0" type="stmt"/>
        </file>
        <file name="queryFactory.js" path="/Users/pirman/Documents/git/nexus-search-webapp/server/elastic-search/queryFactory.js">
          <metrics statements="10" coveredstatements="10" conditionals="7" coveredconditionals="7" methods="4" coveredmethods="4"/>
          <line num="4" count="5" type="stmt"/>
          <line num="5" count="4" type="stmt"/>
          <line num="6" count="1" type="stmt"/>
          <line num="34" count="8" type="cond" truecount="1" falsecount="0"/>
          <line num="36" count="9" type="stmt"/>
          <line num="37" count="9" type="cond" truecount="2" falsecount="0"/>
          <line num="38" count="7" type="stmt"/>
          <line num="45" count="7" type="stmt"/>
          <line num="46" count="7" type="cond" truecount="2" falsecount="0"/>
          <line num="47" count="5" type="stmt"/>
        </file>
      </package>
      <package name="server.elastic-search.__snapshots__">
        <metrics statements="1" coveredstatements="0" conditionals="0" coveredconditionals="0" methods="0" coveredmethods="0"/>
        <file name="queryFactory.test.js.snap" path="/Users/pirman/Documents/git/nexus-search-webapp/server/elastic-search/__snapshots__/queryFactory.test.js.snap">
          <metrics statements="1" coveredstatements="0" conditionals="0" coveredconditionals="0" methods="0" coveredmethods="0"/>
          <line num="3" count="0" type="stmt"/>
        </file>
      </package>
      <package name="server.elastic-search.docs">
        <metrics statements="22" coveredstatements="0" conditionals="10" coveredconditionals="0" methods="4" coveredmethods="0"/>
        <file name="index.js" path="/Users/pirman/Documents/git/nexus-search-webapp/server/elastic-search/docs/index.js">
          <metrics statements="2" coveredstatements="0" conditionals="0" coveredconditionals="0" methods="1" coveredmethods="0"/>
          <line num="1" count="0" type="stmt"/>
          <line num="5" count="0" type="stmt"/>
        </file>
        <file name="query-builder.js" path="/Users/pirman/Documents/git/nexus-search-webapp/server/elastic-search/docs/query-builder.js">
          <metrics statements="20" coveredstatements="0" conditionals="10" coveredconditionals="0" methods="3" coveredmethods="0"/>
          <line num="1" count="0" type="stmt"/>
          <line num="13" count="0" type="stmt"/>
          <line num="20" count="0" type="stmt"/>
          <line num="21" count="0" type="cond" truecount="0" falsecount="2"/>
          <line num="22" count="0" type="stmt"/>
          <line num="28" count="0" type="cond" truecount="0" falsecount="2"/>
          <line num="29" count="0" type="stmt"/>
          <line num="33" count="0" type="cond" truecount="0" falsecount="2"/>
          <line num="34" count="0" type="stmt"/>
          <line num="35" count="0" type="stmt"/>
          <line num="37" count="0" type="stmt"/>
          <line num="39" count="0" type="stmt"/>
          <line num="40" count="0" type="stmt"/>
          <line num="42" count="0" type="cond" truecount="0" falsecount="2"/>
          <line num="43" count="0" type="stmt"/>
          <line num="45" count="0" type="cond" truecount="0" falsecount="2"/>
          <line num="46" count="0" type="stmt"/>
          <line num="63" count="0" type="stmt"/>
          <line num="74" count="0" type="stmt"/>
          <line num="80" count="0" type="stmt"/>
        </file>
      </package>
      <package name="server.elastic-search.facets">
        <metrics statements="27" coveredstatements="15" conditionals="18" coveredconditionals="6" methods="7" coveredmethods="4"/>
        <file name="index.js" path="/Users/pirman/Documents/git/nexus-search-webapp/server/elastic-search/facets/index.js">
          <metrics statements="2" coveredstatements="0" conditionals="0" coveredconditionals="0" methods="1" coveredmethods="0"/>
          <line num="1" count="0" type="stmt"/>
          <line num="5" count="0" type="stmt"/>
        </file>
        <file name="mappings-to-aggs.js" path="/Users/pirman/Documents/git/nexus-search-webapp/server/elastic-search/facets/mappings-to-aggs.js">
          <metrics statements="15" coveredstatements="15" conditionals="6" coveredconditionals="6" methods="4" coveredmethods="4"/>
          <line num="11" count="5" type="stmt"/>
          <line num="12" count="6" type="stmt"/>
          <line num="14" count="6" type="stmt"/>
          <line num="15" count="6" type="cond" truecount="2" falsecount="0"/>
          <line num="16" count="6" type="stmt"/>
          <line num="18" count="15" type="stmt"/>
          <line num="19" count="15" type="cond" truecount="2" falsecount="0"/>
          <line num="20" count="9" type="stmt"/>
          <line num="21" count="9" type="stmt"/>
          <line num="22" count="9" type="stmt"/>
          <line num="29" count="15" type="stmt"/>
          <line num="31" count="6" type="cond" truecount="2" falsecount="0"/>
          <line num="32" count="1" type="stmt"/>
          <line num="34" count="6" type="stmt"/>
          <line num="40" count="6" type="stmt"/>
        </file>
        <file name="query-builder.js" path="/Users/pirman/Documents/git/nexus-search-webapp/server/elastic-search/facets/query-builder.js">
          <metrics statements="10" coveredstatements="0" conditionals="12" coveredconditionals="0" methods="2" coveredmethods="0"/>
          <line num="1" count="0" type="stmt"/>
          <line num="3" count="0" type="cond" truecount="0" falsecount="4"/>
          <line num="4" count="0" type="stmt"/>
          <line num="8" count="0" type="stmt"/>
          <line num="18" count="0" type="cond" truecount="0" falsecount="4"/>
          <line num="19" count="0" type="stmt"/>
          <line num="27" count="0" type="cond" truecount="0" falsecount="2"/>
          <line num="28" count="0" type="stmt"/>
          <line num="34" count="0" type="cond" truecount="0" falsecount="2"/>
          <line num="35" count="0" type="stmt"/>
        </file>
      </package>
      <package name="server.elastic-search.facets.__snapshots__">
        <metrics statements="4" coveredstatements="0" conditionals="0" coveredconditionals="0" methods="0" coveredmethods="0"/>
        <file name="mapping-to-aggs.test.js.snap" path="/Users/pirman/Documents/git/nexus-search-webapp/server/elastic-search/facets/__snapshots__/mapping-to-aggs.test.js.snap">
          <metrics statements="4" coveredstatements="0" conditionals="0" coveredconditionals="0" methods="0" coveredmethods="0"/>
          <line num="3" count="0" type="stmt"/>
          <line num="20" count="0" type="stmt"/>
          <line num="49" count="0" type="stmt"/>
          <line num="71" count="0" type="stmt"/>
        </file>
      </package>
      <package name="server.elastic-search.types">
        <metrics statements="15" coveredstatements="13" conditionals="3" coveredconditionals="3" methods="4" coveredmethods="4"/>
        <file name="index.js" path="/Users/pirman/Documents/git/nexus-search-webapp/server/elastic-search/types/index.js">
          <metrics statements="2" coveredstatements="0" conditionals="0" coveredconditionals="0" methods="0" coveredmethods="0"/>
          <line num="1" count="0" type="stmt"/>
          <line num="2" count="0" type="stmt"/>
        </file>
        <file name="normalizer.js" path="/Users/pirman/Documents/git/nexus-search-webapp/server/elastic-search/types/normalizer.js">
          <metrics statements="7" coveredstatements="7" conditionals="0" coveredconditionals="0" methods="2" coveredmethods="2"/>
          <line num="3" count="1" type="stmt"/>
          <line num="15" count="2" type="stmt"/>
          <line num="17" count="2" type="stmt"/>
          <line num="21" count="2" type="stmt"/>
          <line num="22" count="14" type="stmt"/>
          <line num="23" count="14" type="stmt"/>
          <line num="25" count="2" type="stmt"/>
        </file>
        <file name="query-builder.js" path="/Users/pirman/Documents/git/nexus-search-webapp/server/elastic-search/types/query-builder.js">
          <metrics statements="6" coveredstatements="6" conditionals="3" coveredconditionals="3" methods="2" coveredmethods="2"/>
          <line num="1" count="1" type="stmt"/>
          <line num="16" count="2" type="stmt"/>
          <line num="30" count="5" type="stmt"/>
          <line num="33" count="5" type="cond" truecount="2" falsecount="0"/>
          <line num="34" count="2" type="stmt"/>
          <line num="36" count="5" type="stmt"/>
        </file>
      </package>
      <package name="server.elastic-search.types.__snapshots__">
        <metrics statements="1" coveredstatements="0" conditionals="0" coveredconditionals="0" methods="0" coveredmethods="0"/>
        <file name="normalizer.test.js.snap" path="/Users/pirman/Documents/git/nexus-search-webapp/server/elastic-search/types/__snapshots__/normalizer.test.js.snap">
          <metrics statements="1" coveredstatements="0" conditionals="0" coveredconditionals="0" methods="0" coveredmethods="0"/>
          <line num="3" count="0" type="stmt"/>
        </file>
      </package>
      <package name="server.libs">
        <metrics statements="7" coveredstatements="7" conditionals="4" coveredconditionals="4" methods="3" coveredmethods="3"/>
        <file name="async.js" path="/Users/pirman/Documents/git/nexus-search-webapp/server/libs/async.js">
          <metrics statements="5" coveredstatements="5" conditionals="0" coveredconditionals="0" methods="1" coveredmethods="1"/>
          <line num="10" count="16" type="stmt"/>
          <line num="11" count="16" type="stmt"/>
          <line num="12" count="12" type="stmt"/>
          <line num="14" count="4" type="stmt"/>
          <line num="18" count="1" type="stmt"/>
        </file>
        <file name="object.js" path="/Users/pirman/Documents/git/nexus-search-webapp/server/libs/object.js">
          <metrics statements="2" coveredstatements="2" conditionals="4" coveredconditionals="4" methods="2" coveredmethods="2"/>
          <line num="1" count="1" type="stmt"/>
          <line num="2" count="45" type="cond" truecount="4" falsecount="0"/>
        </file>
      </package>
      <package name="src.components">
        <metrics statements="83" coveredstatements="0" conditionals="23" coveredconditionals="0" methods="18" coveredmethods="0"/>
        <file name="Icons.js" path="/Users/pirman/Documents/git/nexus-search-webapp/src/components/Icons.js">
          <metrics statements="7" coveredstatements="0" conditionals="0" coveredconditionals="0" methods="0" coveredmethods="0"/>
          <line num="1" count="0" type="stmt"/>
          <line num="2" count="0" type="stmt"/>
          <line num="3" count="0" type="stmt"/>
          <line num="4" count="0" type="stmt"/>
          <line num="5" count="0" type="stmt"/>
          <line num="6" count="0" type="stmt"/>
          <line num="7" count="0" type="stmt"/>
        </file>
        <file name="SearchBar.js" path="/Users/pirman/Documents/git/nexus-search-webapp/src/components/SearchBar.js">
          <metrics statements="17" coveredstatements="0" conditionals="2" coveredconditionals="0" methods="3" coveredmethods="0"/>
          <line num="1" count="0" type="stmt"/>
          <line num="2" count="0" type="stmt"/>
          <line num="3" count="0" type="stmt"/>
          <line num="4" count="0" type="stmt"/>
          <line num="5" count="0" type="stmt"/>
          <line num="6" count="0" type="stmt"/>
          <line num="8" count="0" type="stmt"/>
          <line num="9" count="0" type="stmt"/>
          <line num="77" count="0" type="stmt"/>
          <line num="90" count="0" type="stmt"/>
          <line num="93" count="0" type="cond" truecount="0" falsecount="2"/>
          <line num="96" count="0" type="stmt"/>
          <line num="97" count="0" type="stmt"/>
          <line num="101" count="0" type="stmt"/>
          <line num="102" count="0" type="stmt"/>
          <line num="103" count="0" type="stmt"/>
          <line num="109" count="0" type="stmt"/>
        </file>
        <file name="SearchResults.js" path="/Users/pirman/Documents/git/nexus-search-webapp/src/components/SearchResults.js">
          <metrics statements="59" coveredstatements="0" conditionals="21" coveredconditionals="0" methods="15" coveredmethods="0"/>
          <line num="1" count="0" type="stmt"/>
          <line num="2" count="0" type="stmt"/>
          <line num="3" count="0" type="stmt"/>
          <line num="4" count="0" type="stmt"/>
          <line num="5" count="0" type="stmt"/>
          <line num="6" count="0" type="stmt"/>
          <line num="7" count="0" type="stmt"/>
          <line num="8" count="0" type="stmt"/>
          <line num="9" count="0" type="stmt"/>
          <line num="10" count="0" type="stmt"/>
          <line num="11" count="0" type="stmt"/>
          <line num="12" count="0" type="stmt"/>
          <line num="14" count="0" type="stmt"/>
          <line num="16" count="0" type="stmt"/>
          <line num="17" count="0" type="stmt"/>
          <line num="35" count="0" type="stmt"/>
          <line num="41" count="0" type="stmt"/>
          <line num="42" count="0" type="stmt"/>
          <line num="43" count="0" type="stmt"/>
          <line num="44" count="0" type="stmt"/>
          <line num="45" count="0" type="stmt"/>
          <line num="68" count="0" type="stmt"/>
          <line num="69" count="0" type="stmt"/>
          <line num="72" count="0" type="stmt"/>
          <line num="75" count="0" type="stmt"/>
          <line num="85" count="0" type="stmt"/>
          <line num="86" count="0" type="stmt"/>
          <line num="89" count="0" type="stmt"/>
          <line num="101" count="0" type="stmt"/>
          <line num="110" count="0" type="stmt"/>
          <line num="141" count="0" type="stmt"/>
          <line num="144" count="0" type="stmt"/>
          <line num="145" count="0" type="stmt"/>
          <line num="182" count="0" type="cond" truecount="0" falsecount="2"/>
          <line num="184" count="0" type="stmt"/>
          <line num="188" count="0" type="cond" truecount="0" falsecount="2"/>
          <line num="191" count="0" type="stmt"/>
          <line num="194" count="0" type="cond" truecount="0" falsecount="2"/>
          <line num="195" count="0" type="stmt"/>
          <line num="197" count="0" type="cond" truecount="0" falsecount="2"/>
          <line num="198" count="0" type="stmt"/>
          <line num="200" count="0" type="cond" truecount="0" falsecount="2"/>
          <line num="201" count="0" type="stmt"/>
          <line num="204" count="0" type="stmt"/>
          <line num="205" count="0" type="stmt"/>
          <line num="206" count="0" type="stmt"/>
          <line num="208" count="0" type="stmt"/>
          <line num="209" count="0" type="stmt"/>
          <line num="210" count="0" type="stmt"/>
          <line num="211" count="0" type="stmt"/>
          <line num="214" count="0" type="stmt"/>
          <line num="215" count="0" type="stmt"/>
          <line num="223" count="0" type="stmt"/>
          <line num="234" count="0" type="stmt"/>
          <line num="235" count="0" type="stmt"/>
          <line num="236" count="0" type="stmt"/>
          <line num="237" count="0" type="stmt"/>
          <line num="238" count="0" type="stmt"/>
          <line num="251" count="0" type="stmt"/>
        </file>
      </package>
      <package name="src.components.Filters">
        <metrics statements="106" coveredstatements="0" conditionals="37" coveredconditionals="0" methods="37" coveredmethods="0"/>
        <file name="Categories.js" path="/Users/pirman/Documents/git/nexus-search-webapp/src/components/Filters/Categories.js">
          <metrics statements="18" coveredstatements="0" conditionals="4" coveredconditionals="0" methods="15" coveredmethods="0"/>
          <line num="1" count="0" type="stmt"/>
          <line num="2" count="0" type="stmt"/>
          <line num="3" count="0" type="stmt"/>
          <line num="4" count="0" type="stmt"/>
          <line num="5" count="0" type="stmt"/>
          <line num="6" count="0" type="stmt"/>
          <line num="7" count="0" type="stmt"/>
          <line num="8" count="0" type="stmt"/>
          <line num="9" count="0" type="stmt"/>
          <line num="14" count="0" type="stmt"/>
          <line num="15" count="0" type="cond" truecount="0" falsecount="2"/>
          <line num="16" count="0" type="stmt"/>
          <line num="20" count="0" type="stmt"/>
          <line num="21" count="0" type="stmt"/>
          <line num="40" count="0" type="stmt"/>
          <line num="52" count="0" type="stmt"/>
          <line num="57" count="0" type="stmt"/>
          <line num="114" count="0" type="stmt"/>
        </file>
        <file name="Facets.js" path="/Users/pirman/Documents/git/nexus-search-webapp/src/components/Filters/Facets.js">
          <metrics statements="52" coveredstatements="0" conditionals="21" coveredconditionals="0" methods="13" coveredmethods="0"/>
          <line num="1" count="0" type="stmt"/>
          <line num="2" count="0" type="stmt"/>
          <line num="3" count="0" type="stmt"/>
          <line num="4" count="0" type="stmt"/>
          <line num="5" count="0" type="stmt"/>
          <line num="6" count="0" type="stmt"/>
          <line num="7" count="0" type="stmt"/>
          <line num="8" count="0" type="stmt"/>
          <line num="9" count="0" type="stmt"/>
          <line num="11" count="0" type="stmt"/>
          <line num="18" count="0" type="stmt"/>
          <line num="22" count="0" type="stmt"/>
          <line num="23" count="0" type="stmt"/>
          <line num="36" count="0" type="stmt"/>
          <line num="37" count="0" type="stmt"/>
          <line num="38" count="0" type="stmt"/>
          <line num="42" count="0" type="stmt"/>
          <line num="43" count="0" type="cond" truecount="0" falsecount="3"/>
          <line num="63" count="0" type="stmt"/>
          <line num="72" count="0" type="stmt"/>
          <line num="78" count="0" type="stmt"/>
          <line num="88" count="0" type="stmt"/>
          <line num="91" count="0" type="stmt"/>
          <line num="92" count="0" type="cond" truecount="0" falsecount="2"/>
          <line num="93" count="0" type="stmt"/>
          <line num="95" count="0" type="cond" truecount="0" falsecount="2"/>
          <line num="96" count="0" type="stmt"/>
          <line num="99" count="0" type="stmt"/>
          <line num="100" count="0" type="stmt"/>
          <line num="101" count="0" type="stmt"/>
          <line num="102" count="0" type="stmt"/>
          <line num="103" count="0" type="stmt"/>
          <line num="107" count="0" type="stmt"/>
          <line num="108" count="0" type="stmt"/>
          <line num="112" count="0" type="stmt"/>
          <line num="123" count="0" type="stmt"/>
          <line num="124" count="0" type="stmt"/>
          <line num="125" count="0" type="stmt"/>
          <line num="126" count="0" type="stmt"/>
          <line num="127" count="0" type="cond" truecount="0" falsecount="2"/>
          <line num="128" count="0" type="cond" truecount="0" falsecount="2"/>
          <line num="129" count="0" type="stmt"/>
          <line num="130" count="0" type="stmt"/>
          <line num="131" count="0" type="cond" truecount="0" falsecount="2"/>
          <line num="132" count="0" type="stmt"/>
          <line num="133" count="0" type="stmt"/>
          <line num="134" count="0" type="cond" truecount="0" falsecount="2"/>
          <line num="135" count="0" type="stmt"/>
          <line num="137" count="0" type="stmt"/>
          <line num="140" count="0" type="stmt"/>
          <line num="143" count="0" type="stmt"/>
          <line num="153" count="0" type="stmt"/>
        </file>
        <file name="Types.js" path="/Users/pirman/Documents/git/nexus-search-webapp/src/components/Filters/Types.js">
          <metrics statements="36" coveredstatements="0" conditionals="12" coveredconditionals="0" methods="9" coveredmethods="0"/>
          <line num="1" count="0" type="stmt"/>
          <line num="2" count="0" type="stmt"/>
          <line num="3" count="0" type="stmt"/>
          <line num="4" count="0" type="stmt"/>
          <line num="5" count="0" type="stmt"/>
          <line num="6" count="0" type="stmt"/>
          <line num="7" count="0" type="stmt"/>
          <line num="8" count="0" type="stmt"/>
          <line num="11" count="0" type="stmt"/>
          <line num="12" count="0" type="cond" truecount="0" falsecount="2"/>
          <line num="13" count="0" type="stmt"/>
          <line num="14" count="0" type="stmt"/>
          <line num="22" count="0" type="stmt"/>
          <line num="30" count="0" type="stmt"/>
          <line num="37" count="0" type="stmt"/>
          <line num="45" count="0" type="cond" truecount="0" falsecount="2"/>
          <line num="49" count="0" type="stmt"/>
          <line num="52" count="0" type="stmt"/>
          <line num="53" count="0" type="cond" truecount="0" falsecount="2"/>
          <line num="54" count="0" type="stmt"/>
          <line num="58" count="0" type="stmt"/>
          <line num="61" count="0" type="stmt"/>
          <line num="64" count="0" type="stmt"/>
          <line num="66" count="0" type="stmt"/>
          <line num="67" count="0" type="stmt"/>
          <line num="68" count="0" type="stmt"/>
          <line num="69" count="0" type="stmt"/>
          <line num="70" count="0" type="stmt"/>
          <line num="71" count="0" type="stmt"/>
          <line num="75" count="0" type="stmt"/>
          <line num="85" count="0" type="stmt"/>
          <line num="86" count="0" type="stmt"/>
          <line num="87" count="0" type="stmt"/>
          <line num="88" count="0" type="stmt"/>
          <line num="89" count="0" type="stmt"/>
          <line num="99" count="0" type="stmt"/>
        </file>
      </package>
      <package name="src.store.actions">
        <metrics statements="79" coveredstatements="13" conditionals="30" coveredconditionals="10" methods="26" coveredmethods="5"/>
        <file name="facetNormalizer.js" path="/Users/pirman/Documents/git/nexus-search-webapp/src/store/actions/facetNormalizer.js">
          <metrics statements="13" coveredstatements="13" conditionals="10" coveredconditionals="10" methods="5" coveredmethods="5"/>
          <line num="3" count="1" type="stmt"/>
          <line num="6" count="13" type="stmt"/>
          <line num="7" count="34" type="cond" truecount="2" falsecount="0"/>
          <line num="8" count="34" type="stmt"/>
          <line num="9" count="34" type="stmt"/>
          <line num="10" count="34" type="cond" truecount="4" falsecount="0"/>
          <line num="11" count="14" type="stmt"/>
          <line num="15" count="32" type="stmt"/>
          <line num="22" count="20" type="cond" truecount="4" falsecount="0"/>
          <line num="23" count="10" type="stmt"/>
          <line num="25" count="10" type="stmt"/>
          <line num="31" count="3" type="stmt"/>
          <line num="32" count="11" type="stmt"/>
        </file>
        <file name="facets.js" path="/Users/pirman/Documents/git/nexus-search-webapp/src/store/actions/facets.js">
          <metrics statements="19" coveredstatements="0" conditionals="2" coveredconditionals="0" methods="8" coveredmethods="0"/>
          <line num="1" count="0" type="stmt"/>
          <line num="2" count="0" type="stmt"/>
          <line num="3" count="0" type="stmt"/>
          <line num="13" count="0" type="stmt"/>
          <line num="14" count="0" type="stmt"/>
          <line num="15" count="0" type="stmt"/>
          <line num="16" count="0" type="stmt"/>
          <line num="17" count="0" type="stmt"/>
          <line num="18" count="0" type="stmt"/>
          <line num="20" count="0" type="stmt"/>
          <line num="22" count="0" type="cond" truecount="0" falsecount="2"/>
          <line num="23" count="0" type="stmt"/>
          <line num="25" count="0" type="stmt"/>
          <line num="32" count="0" type="stmt"/>
          <line num="39" count="0" type="stmt"/>
          <line num="40" count="0" type="stmt"/>
          <line num="46" count="0" type="stmt"/>
          <line num="52" count="0" type="stmt"/>
          <line num="59" count="0" type="stmt"/>
        </file>
        <file name="navigate.js" path="/Users/pirman/Documents/git/nexus-search-webapp/src/store/actions/navigate.js">
          <metrics statements="47" coveredstatements="0" conditionals="18" coveredconditionals="0" methods="13" coveredmethods="0"/>
          <line num="1" count="0" type="stmt"/>
          <line num="2" count="0" type="stmt"/>
          <line num="3" count="0" type="stmt"/>
          <line num="4" count="0" type="stmt"/>
          <line num="5" count="0" type="stmt"/>
          <line num="7" count="0" type="stmt"/>
          <line num="8" count="0" type="stmt"/>
          <line num="9" count="0" type="stmt"/>
          <line num="10" count="0" type="stmt"/>
          <line num="12" count="0" type="stmt"/>
          <line num="15" count="0" type="stmt"/>
          <line num="18" count="0" type="cond" truecount="0" falsecount="2"/>
          <line num="19" count="0" type="stmt"/>
          <line num="20" count="0" type="stmt"/>
          <line num="21" count="0" type="cond" truecount="0" falsecount="2"/>
          <line num="22" count="0" type="stmt"/>
          <line num="24" count="0" type="stmt"/>
          <line num="28" count="0" type="stmt"/>
          <line num="29" count="0" type="stmt"/>
          <line num="30" count="0" type="cond" truecount="0" falsecount="2"/>
          <line num="31" count="0" type="stmt"/>
          <line num="35" count="0" type="stmt"/>
          <line num="36" count="0" type="stmt"/>
          <line num="37" count="0" type="cond" truecount="0" falsecount="2"/>
          <line num="38" count="0" type="stmt"/>
          <line num="42" count="0" type="stmt"/>
          <line num="43" count="0" type="stmt"/>
          <line num="44" count="0" type="stmt"/>
          <line num="48" count="0" type="stmt"/>
          <line num="49" count="0" type="stmt"/>
          <line num="50" count="0" type="stmt"/>
          <line num="51" count="0" type="stmt"/>
          <line num="54" count="0" type="stmt"/>
          <line num="55" count="0" type="cond" truecount="0" falsecount="2"/>
          <line num="56" count="0" type="stmt"/>
          <line num="58" count="0" type="stmt"/>
          <line num="59" count="0" type="stmt"/>
          <line num="60" count="0" type="stmt"/>
          <line num="64" count="0" type="stmt"/>
          <line num="65" count="0" type="stmt"/>
          <line num="66" count="0" type="stmt"/>
          <line num="67" count="0" type="stmt"/>
          <line num="68" count="0" type="cond" truecount="0" falsecount="2"/>
          <line num="69" count="0" type="stmt"/>
          <line num="74" count="0" type="stmt"/>
          <line num="75" count="0" type="stmt"/>
          <line num="76" count="0" type="stmt"/>
        </file>
      </package>
      <package name="src.store.actions.__snapshots__">
        <metrics statements="3" coveredstatements="0" conditionals="0" coveredconditionals="0" methods="0" coveredmethods="0"/>
        <file name="facetNormalizer.test.js.snap" path="/Users/pirman/Documents/git/nexus-search-webapp/src/store/actions/__snapshots__/facetNormalizer.test.js.snap">
          <metrics statements="3" coveredstatements="0" conditionals="0" coveredconditionals="0" methods="0" coveredmethods="0"/>
          <line num="3" count="0" type="stmt"/>
          <line num="40" count="0" type="stmt"/>
          <line num="215" count="0" type="stmt"/>
        </file>
      </package>
    </metrics>
  </project>
</coverage>
