<?xml version="1.0" encoding="UTF-8"?>
<coverage generated="1529420060988" clover="3.2.0">
  <project timestamp="1529420060988" name="All files">
    <metrics statements="119" coveredstatements="23" conditionals="48" coveredconditionals="7" methods="31" coveredmethods="4" elements="198" coveredelements="34" complexity="0" loc="119" ncloc="119" packages="4" files="5" classes="5">
      <package name="server">
        <metrics statements="7" coveredstatements="0" conditionals="7" coveredconditionals="0" methods="5" coveredmethods="0"/>
        <file name="routes.js" path="/Users/pirman/Documents/git/nexus-search-webapp/server/routes.js">
          <metrics statements="7" coveredstatements="0" conditionals="7" coveredconditionals="0" methods="5" coveredmethods="0"/>
          <line num="1" count="0" type="stmt"/>
          <line num="2" count="0" type="stmt"/>
          <line num="4" count="0" type="stmt"/>
          <line num="5" count="0" type="stmt"/>
          <line num="6" count="0" type="cond" truecount="0" falsecount="7"/>
          <line num="7" count="0" type="stmt"/>
          <line num="9" count="0" type="stmt"/>
        </file>
      </package>
      <package name="server.elastic-search.docs">
        <metrics statements="23" coveredstatements="23" conditionals="8" coveredconditionals="7" methods="4" coveredmethods="4"/>
        <file name="query-builder.js" path="/Users/pirman/Documents/git/nexus-search-webapp/server/elastic-search/docs/query-builder.js">
          <metrics statements="23" coveredstatements="23" conditionals="8" coveredconditionals="7" methods="4" coveredmethods="4"/>
          <line num="8" count="6" type="stmt"/>
          <line num="15" count="6" type="stmt"/>
          <line num="16" count="3" type="cond" truecount="1" falsecount="1"/>
          <line num="17" count="3" type="stmt"/>
          <line num="23" count="3" type="cond" truecount="2" falsecount="0"/>
          <line num="24" count="2" type="stmt"/>
          <line num="28" count="3" type="cond" truecount="2" falsecount="0"/>
          <line num="29" count="2" type="stmt"/>
          <line num="31" count="2" type="stmt"/>
          <line num="32" count="2" type="stmt"/>
          <line num="34" count="2" type="stmt"/>
          <line num="35" count="2" type="stmt"/>
          <line num="36" count="2" type="stmt"/>
          <line num="39" count="2" type="stmt"/>
          <line num="40" count="2" type="stmt"/>
          <line num="41" count="2" type="stmt"/>
          <line num="42" count="5" type="cond" truecount="2" falsecount="0"/>
          <line num="43" count="2" type="stmt"/>
          <line num="48" count="3" type="stmt"/>
          <line num="55" count="5" type="stmt"/>
          <line num="58" count="2" type="stmt"/>
          <line num="64" count="3" type="stmt"/>
          <line num="65" count="3" type="stmt"/>
        </file>
      </package>
      <package name="server.elastic-search.docs.__snapshots__">
        <metrics statements="3" coveredstatements="0" conditionals="0" coveredconditionals="0" methods="0" coveredmethods="0"/>
        <file name="query-builder.test.js.snap" path="/Users/pirman/Documents/git/nexus-search-webapp/server/elastic-search/docs/__snapshots__/query-builder.test.js.snap">
          <metrics statements="3" coveredstatements="0" conditionals="0" coveredconditionals="0" methods="0" coveredmethods="0"/>
          <line num="3" count="0" type="stmt"/>
          <line num="46" count="0" type="stmt"/>
          <line num="89" count="0" type="stmt"/>
        </file>
      </package>
      <package name="src.components.Filters">
        <metrics statements="86" coveredstatements="0" conditionals="33" coveredconditionals="0" methods="22" coveredmethods="0"/>
        <file name="Facets.js" path="/Users/pirman/Documents/git/nexus-search-webapp/src/components/Filters/Facets.js">
          <metrics statements="51" coveredstatements="0" conditionals="21" coveredconditionals="0" methods="13" coveredmethods="0"/>
          <line num="1" count="0" type="stmt"/>
          <line num="2" count="0" type="stmt"/>
          <line num="3" count="0" type="stmt"/>
          <line num="4" count="0" type="stmt"/>
          <line num="5" count="0" type="stmt"/>
          <line num="6" count="0" type="stmt"/>
          <line num="7" count="0" type="stmt"/>
          <line num="8" count="0" type="stmt"/>
          <line num="9" count="0" type="stmt"/>
          <line num="11" count="0" type="stmt"/>
          <line num="18" count="0" type="stmt"/>
          <line num="22" count="0" type="stmt"/>
          <line num="23" count="0" type="stmt"/>
          <line num="36" count="0" type="stmt"/>
          <line num="37" count="0" type="stmt"/>
          <line num="38" count="0" type="stmt"/>
          <line num="42" count="0" type="stmt"/>
          <line num="43" count="0" type="cond" truecount="0" falsecount="3"/>
          <line num="63" count="0" type="stmt"/>
          <line num="72" count="0" type="stmt"/>
          <line num="78" count="0" type="stmt"/>
          <line num="88" count="0" type="stmt"/>
          <line num="91" count="0" type="cond" truecount="0" falsecount="2"/>
          <line num="92" count="0" type="stmt"/>
          <line num="94" count="0" type="cond" truecount="0" falsecount="2"/>
          <line num="95" count="0" type="stmt"/>
          <line num="98" count="0" type="stmt"/>
          <line num="99" count="0" type="stmt"/>
          <line num="100" count="0" type="stmt"/>
          <line num="101" count="0" type="stmt"/>
          <line num="102" count="0" type="stmt"/>
          <line num="106" count="0" type="stmt"/>
          <line num="107" count="0" type="stmt"/>
          <line num="111" count="0" type="stmt"/>
          <line num="122" count="0" type="stmt"/>
          <line num="123" count="0" type="stmt"/>
          <line num="124" count="0" type="stmt"/>
          <line num="125" count="0" type="stmt"/>
          <line num="126" count="0" type="cond" truecount="0" falsecount="2"/>
          <line num="127" count="0" type="cond" truecount="0" falsecount="2"/>
          <line num="128" count="0" type="stmt"/>
          <line num="129" count="0" type="stmt"/>
          <line num="130" count="0" type="cond" truecount="0" falsecount="2"/>
          <line num="131" count="0" type="stmt"/>
          <line num="132" count="0" type="stmt"/>
          <line num="133" count="0" type="cond" truecount="0" falsecount="2"/>
          <line num="134" count="0" type="stmt"/>
          <line num="136" count="0" type="stmt"/>
          <line num="139" count="0" type="stmt"/>
          <line num="142" count="0" type="stmt"/>
          <line num="152" count="0" type="stmt"/>
        </file>
        <file name="Types.js" path="/Users/pirman/Documents/git/nexus-search-webapp/src/components/Filters/Types.js">
          <metrics statements="35" coveredstatements="0" conditionals="12" coveredconditionals="0" methods="9" coveredmethods="0"/>
          <line num="1" count="0" type="stmt"/>
          <line num="2" count="0" type="stmt"/>
          <line num="3" count="0" type="stmt"/>
          <line num="4" count="0" type="stmt"/>
          <line num="5" count="0" type="stmt"/>
          <line num="6" count="0" type="stmt"/>
          <line num="7" count="0" type="stmt"/>
          <line num="8" count="0" type="stmt"/>
          <line num="11" count="0" type="stmt"/>
          <line num="12" count="0" type="cond" truecount="0" falsecount="2"/>
          <line num="13" count="0" type="stmt"/>
          <line num="14" count="0" type="stmt"/>
          <line num="22" count="0" type="stmt"/>
          <line num="30" count="0" type="stmt"/>
          <line num="37" count="0" type="stmt"/>
          <line num="45" count="0" type="cond" truecount="0" falsecount="2"/>
          <line num="49" count="0" type="stmt"/>
          <line num="52" count="0" type="cond" truecount="0" falsecount="2"/>
          <line num="53" count="0" type="stmt"/>
          <line num="57" count="0" type="stmt"/>
          <line num="60" count="0" type="stmt"/>
          <line num="63" count="0" type="stmt"/>
          <line num="65" count="0" type="stmt"/>
          <line num="66" count="0" type="stmt"/>
          <line num="67" count="0" type="stmt"/>
          <line num="68" count="0" type="stmt"/>
          <line num="69" count="0" type="stmt"/>
          <line num="70" count="0" type="stmt"/>
          <line num="74" count="0" type="stmt"/>
          <line num="84" count="0" type="stmt"/>
          <line num="85" count="0" type="stmt"/>
          <line num="86" count="0" type="stmt"/>
          <line num="87" count="0" type="stmt"/>
          <line num="88" count="0" type="stmt"/>
          <line num="98" count="0" type="stmt"/>
        </file>
      </package>
    </metrics>
  </project>
</coverage>
