{"/Users/pirman/Documents/git/nexus-search-webapp/coverage/lcov-report/block-navigation.js": {"path":"/Users/pirman/Documents/git/nexus-search-webapp/coverage/lcov-report/block-navigation.js","statementMap":{"0":{"start":{"line":1,"column":18},"end":{"line":1,"column":0}},"1":{"start":{"line":3,"column":31},"end":{"line":3,"column":2}},"2":{"start":{"line":6,"column":20},"end":{"line":6,"column":2}},"3":{"start":{"line":9,"column":17},"end":{"line":9,"column":2}},"4":{"start":{"line":12,"column":32},"end":{"line":12,"column":2}},"5":{"start":{"line":17,"column":4},"end":{"line":null,"column":-1}},"6":{"start":{"line":18,"column":4},"end":{"line":null,"column":-1}},"7":{"start":{"line":22,"column":4},"end":{"line":null,"column":-1}},"8":{"start":{"line":23,"column":4},"end":{"line":null,"column":-1}},"9":{"start":{"line":24,"column":4},"end":{"line":null,"column":-1}},"10":{"start":{"line":29,"column":20},"end":{"line":29,"column":4}},"11":{"start":{"line":30,"column":4},"end":{"line":34,"column":5}},"12":{"start":{"line":31,"column":6},"end":{"line":null,"column":-1}},"13":{"start":{"line":32,"column":11},"end":{"line":34,"column":5}},"14":{"start":{"line":33,"column":6},"end":{"line":null,"column":-1}},"15":{"start":{"line":36,"column":4},"end":{"line":null,"column":-1}},"16":{"start":{"line":40,"column":20},"end":{"line":40,"column":4}},"17":{"start":{"line":42,"column":4},"end":{"line":44,"column":5}},"18":{"start":{"line":43,"column":6},"end":{"line":null,"column":-1}},"19":{"start":{"line":46,"column":4},"end":{"line":null,"column":-1}},"20":{"start":{"line":49,"column":2},"end":{"line":null,"column":-1}},"21":{"start":{"line":50,"column":4},"end":{"line":null,"column":-1}},"22":{"start":{"line":53,"column":8},"end":{"line":null,"column":-1}},"23":{"start":{"line":54,"column":8},"end":{"line":null,"column":-1}},"24":{"start":{"line":58,"column":8},"end":{"line":null,"column":-1}},"25":{"start":{"line":59,"column":8},"end":{"line":null,"column":-1}},"26":{"start":{"line":63,"column":0},"end":{"line":null,"column":-1}}},"fnMap":{"0":{"name":"init","decl":{"start":{"line":1,"column":27},"end":{"line":1,"column":18}},"loc":{"start":{"line":1,"column":35},"end":{"line":1,"column":18}}},"1":{"name":"toggleClass","decl":{"start":{"line":16,"column":11},"end":{"line":16,"column":2}},"loc":{"start":{"line":16,"column":30},"end":{"line":19,"column":3}}},"2":{"name":"makeCurrent","decl":{"start":{"line":21,"column":11},"end":{"line":21,"column":2}},"loc":{"start":{"line":21,"column":30},"end":{"line":26,"column":3}}},"3":{"name":"goToPrevious","decl":{"start":{"line":28,"column":11},"end":{"line":28,"column":2}},"loc":{"start":{"line":28,"column":26},"end":{"line":37,"column":3}}},"4":{"name":"goToNext","decl":{"start":{"line":39,"column":11},"end":{"line":39,"column":2}},"loc":{"start":{"line":39,"column":22},"end":{"line":47,"column":3}}},"5":{"name":"jump","decl":{"start":{"line":49,"column":18},"end":{"line":49,"column":9}},"loc":{"start":{"line":49,"column":30},"end":{"line":49,"column":2}}}},"branchMap":{"0":{"loc":{"start":{"line":30,"column":4},"end":{"line":34,"column":5}},"type":"if","locations":[{"start":{"line":30,"column":4},"end":{"line":34,"column":5}},{"start":{"line":30,"column":4},"end":{"line":34,"column":5}}]},"1":{"loc":{"start":{"line":30,"column":8},"end":{"line":30,"column":7}},"type":"binary-expr","locations":[{"start":{"line":30,"column":8},"end":{"line":30,"column":7}},{"start":{"line":30,"column":44},"end":{"line":30,"column":4}}]},"2":{"loc":{"start":{"line":32,"column":11},"end":{"line":34,"column":5}},"type":"if","locations":[{"start":{"line":32,"column":11},"end":{"line":34,"column":5}},{"start":{"line":32,"column":11},"end":{"line":34,"column":5}}]},"3":{"loc":{"start":{"line":42,"column":4},"end":{"line":44,"column":5}},"type":"if","locations":[{"start":{"line":42,"column":4},"end":{"line":44,"column":5}},{"start":{"line":42,"column":4},"end":{"line":44,"column":5}}]},"4":{"loc":{"start":{"line":42,"column":8},"end":{"line":42,"column":7}},"type":"binary-expr","locations":[{"start":{"line":42,"column":8},"end":{"line":42,"column":7}},{"start":{"line":42,"column":44},"end":{"line":42,"column":4}}]},"5":{"loc":{"start":{"line":51,"column":6},"end":{"line":50,"column":4}},"type":"switch","locations":[{"start":{"line":51,"column":6},"end":{"line":50,"column":4}},{"start":{"line":52,"column":6},"end":{"line":54,"column":8}},{"start":{"line":55,"column":6},"end":{"line":50,"column":4}},{"start":{"line":56,"column":6},"end":{"line":50,"column":4}},{"start":{"line":57,"column":6},"end":{"line":59,"column":8}}]}},"s":{"0":0,"1":0,"2":0,"3":0,"4":0,"5":0,"6":0,"7":0,"8":0,"9":0,"10":0,"11":0,"12":0,"13":0,"14":0,"15":0,"16":0,"17":0,"18":0,"19":0,"20":0,"21":0,"22":0,"23":0,"24":0,"25":0,"26":0},"f":{"0":0,"1":0,"2":0,"3":0,"4":0,"5":0},"b":{"0":[0,0],"1":[0,0],"2":[0,0],"3":[0,0],"4":[0,0],"5":[0,0,0,0,0]}}
,"/Users/pirman/Documents/git/nexus-search-webapp/server/config.js": {"path":"/Users/pirman/Documents/git/nexus-search-webapp/server/config.js","statementMap":{"0":{"start":{"line":1,"column":0},"end":{"line":null,"column":-1}},"1":{"start":{"line":2,"column":0},"end":{"line":null,"column":-1}},"2":{"start":{"line":3,"column":0},"end":{"line":null,"column":-1}},"3":{"start":{"line":5,"column":14},"end":{"line":5,"column":0}},"4":{"start":{"line":6,"column":16},"end":{"line":6,"column":0}},"5":{"start":{"line":10,"column":0},"end":{"line":17,"column":1}},"6":{"start":{"line":11,"column":2},"end":{"line":null,"column":-1}}},"fnMap":{},"branchMap":{"0":{"loc":{"start":{"line":5,"column":54},"end":{"line":5,"column":14}},"type":"cond-expr","locations":[{"start":{"line":5,"column":54},"end":{"line":5,"column":14}},{"start":{"line":5,"column":63},"end":{"line":5,"column":0}}]},"1":{"loc":{"start":{"line":10,"column":0},"end":{"line":17,"column":1}},"type":"if","locations":[{"start":{"line":10,"column":0},"end":{"line":17,"column":1}},{"start":{"line":10,"column":0},"end":{"line":17,"column":1}}]}},"s":{"0":0,"1":0,"2":0,"3":0,"4":0,"5":0,"6":0},"f":{},"b":{"0":[0,0],"1":[0,0]}}
,"/Users/pirman/Documents/git/nexus-search-webapp/server/index.js": {"path":"/Users/pirman/Documents/git/nexus-search-webapp/server/index.js","statementMap":{"0":{"start":{"line":1,"column":0},"end":{"line":null,"column":-1}},"1":{"start":{"line":2,"column":0},"end":{"line":null,"column":-1}},"2":{"start":{"line":3,"column":0},"end":{"line":null,"column":-1}},"3":{"start":{"line":4,"column":0},"end":{"line":null,"column":-1}},"4":{"start":{"line":6,"column":12},"end":{"line":6,"column":0}},"5":{"start":{"line":8,"column":0},"end":{"line":null,"column":-1}},"6":{"start":{"line":9,"column":0},"end":{"line":null,"column":-1}},"7":{"start":{"line":11,"column":15},"end":{"line":11,"column":0}},"8":{"start":{"line":14,"column":4},"end":{"line":null,"column":-1}}},"fnMap":{"0":{"name":"(anonymous_1)","decl":{"start":{"line":13,"column":2},"end":{"line":13,"column":7}},"loc":{"start":{"line":13,"column":8},"end":{"line":11,"column":15}}}},"branchMap":{"0":{"loc":{"start":{"line":12,"column":2},"end":{"line":12,"column":1}},"type":"binary-expr","locations":[{"start":{"line":12,"column":2},"end":{"line":12,"column":1}},{"start":{"line":12,"column":30},"end":{"line":12,"column":2}},{"start":{"line":12,"column":50},"end":{"line":11,"column":15}}]}},"s":{"0":0,"1":0,"2":0,"3":0,"4":0,"5":0,"6":0,"7":0,"8":0},"f":{"0":0},"b":{"0":[0,0,0]}}
,"/Users/pirman/Documents/git/nexus-search-webapp/server/routes.js": {"path":"/Users/pirman/Documents/git/nexus-search-webapp/server/routes.js","statementMap":{"0":{"start":{"line":1,"column":0},"end":{"line":null,"column":-1}},"1":{"start":{"line":2,"column":0},"end":{"line":null,"column":-1}},"2":{"start":{"line":4,"column":44},"end":{"line":null,"column":-1}},"3":{"start":{"line":5,"column":2},"end":{"line":null,"column":-1}},"4":{"start":{"line":6,"column":4},"end":{"line":null,"column":-1}},"5":{"start":{"line":6,"column":32},"end":{"line":null,"column":-1}},"6":{"start":{"line":7,"column":11},"end":{"line":6,"column":32}},"7":{"start":{"line":7,"column":18},"end":{"line":6,"column":32}},"8":{"start":{"line":9,"column":8},"end":{"line":null,"column":-1}}},"fnMap":{"0":{"name":"generateRoutes","decl":{"start":{"line":4,"column":24},"end":{"line":4,"column":15}},"loc":{"start":{"line":4,"column":44},"end":{"line":15,"column":1}}},"1":{"name":"(anonymous_11)","decl":{"start":{"line":5,"column":37},"end":{"line":5,"column":52}},"loc":{"start":{"line":5,"column":53},"end":{"line":5,"column":2}}},"2":{"name":"(anonymous_12)","decl":{"start":{"line":6,"column":4},"end":{"line":null,"column":-1}},"loc":{"start":{"line":6,"column":4},"end":{"line":null,"column":-1}}},"3":{"name":"_callee","decl":{"start":{"line":6,"column":32},"end":{"line":6,"column":38}},"loc":{"start":{"line":6,"column":32},"end":{"line":6,"column":4}}},"4":{"name":"_callee$","decl":{"start":{"line":6,"column":32},"end":{"line":null,"column":-1}},"loc":{"start":{"line":6,"column":32},"end":{"line":null,"column":-1}}}},"branchMap":{"0":{"loc":{"start":{"line":6,"column":32},"end":{"line":null,"column":-1}},"type":"switch","locations":[{"start":{"line":6,"column":32},"end":{"line":null,"column":-1}},{"start":{"line":6,"column":32},"end":{"line":null,"column":-1}},{"start":{"line":6,"column":32},"end":{"line":null,"column":-1}},{"start":{"line":6,"column":32},"end":{"line":null,"column":-1}},{"start":{"line":6,"column":32},"end":{"line":null,"column":-1}}]},"1":{"loc":{"start":{"line":6,"column":32},"end":{"line":null,"column":-1}},"type":"if","locations":[{"start":{"line":6,"column":32},"end":{"line":null,"column":-1}},{"start":{"line":6,"column":32},"end":{"line":null,"column":-1}}]}},"s":{"0":0,"1":0,"2":0,"3":0,"4":0,"5":0,"6":0,"7":0,"8":0},"f":{"0":0,"1":0,"2":0,"3":0,"4":0},"b":{"0":[0,0,0,0,0],"1":[0,0]}}
,"/Users/pirman/Documents/git/nexus-search-webapp/server/elastic-search/errors.js": {"path":"/Users/pirman/Documents/git/nexus-search-webapp/server/elastic-search/errors.js","statementMap":{"0":{"start":{"line":4,"column":4},"end":{"line":4,"column":19}},"1":{"start":{"line":5,"column":4},"end":{"line":5,"column":37}},"2":{"start":{"line":12,"column":4},"end":{"line":12,"column":19}},"3":{"start":{"line":13,"column":4},"end":{"line":13,"column":36}}},"fnMap":{"0":{"name":"(anonymous_0)","decl":{"start":{"line":3,"column":2},"end":{"line":3,"column":3}},"loc":{"start":{"line":3,"column":23},"end":{"line":6,"column":3}},"line":3},"1":{"name":"(anonymous_1)","decl":{"start":{"line":11,"column":2},"end":{"line":11,"column":3}},"loc":{"start":{"line":11,"column":23},"end":{"line":14,"column":3}},"line":11}},"branchMap":{},"s":{"0":2,"1":2,"2":2,"3":2},"f":{"0":2,"1":2},"b":{},"_coverageSchema":"332fd63041d2c1bcb487cc26dd0d5f7d97098a6c","hash":"4d58d282c011943c1a69e504ef3ff62c55e6fb2b"}
,"/Users/pirman/Documents/git/nexus-search-webapp/server/elastic-search/index.js": {"path":"/Users/pirman/Documents/git/nexus-search-webapp/server/elastic-search/index.js","statementMap":{"0":{"start":{"line":1,"column":0},"end":{"line":null,"column":-1}},"1":{"start":{"line":2,"column":0},"end":{"line":null,"column":-1}},"2":{"start":{"line":3,"column":0},"end":{"line":null,"column":-1}},"3":{"start":{"line":4,"column":0},"end":{"line":null,"column":-1}},"4":{"start":{"line":5,"column":0},"end":{"line":null,"column":-1}},"5":{"start":{"line":6,"column":0},"end":{"line":null,"column":-1}},"6":{"start":{"line":8,"column":14},"end":{"line":8,"column":0}},"7":{"start":{"line":9,"column":15},"end":{"line":9,"column":0}},"8":{"start":{"line":13,"column":18},"end":{"line":13,"column":0}}},"fnMap":{},"branchMap":{},"s":{"0":0,"1":0,"2":0,"3":0,"4":0,"5":0,"6":0,"7":0,"8":0},"f":{},"b":{}}
,"/Users/pirman/Documents/git/nexus-search-webapp/server/elastic-search/queryFactory.js": {"path":"/Users/pirman/Documents/git/nexus-search-webapp/server/elastic-search/queryFactory.js","statementMap":{"0":{"start":{"line":4,"column":30},"end":{"line":4,"column":55}},"1":{"start":{"line":4,"column":36},"end":{"line":4,"column":55}},"2":{"start":{"line":5,"column":27},"end":{"line":5,"column":39}},"3":{"start":{"line":5,"column":35},"end":{"line":5,"column":39}},"4":{"start":{"line":6,"column":23},"end":{"line":12,"column":1}},"5":{"start":{"line":34,"column":2},"end":{"line":48,"column":4}},"6":{"start":{"line":36,"column":4},"end":{"line":36,"column":65}},"7":{"start":{"line":37,"column":4},"end":{"line":37,"column":61}},"8":{"start":{"line":37,"column":17},"end":{"line":37,"column":59}},"9":{"start":{"line":38,"column":19},"end":{"line":44,"column":5}},"10":{"start":{"line":45,"column":4},"end":{"line":45,"column":52}},"11":{"start":{"line":46,"column":4},"end":{"line":46,"column":62}},"12":{"start":{"line":46,"column":17},"end":{"line":46,"column":60}},"13":{"start":{"line":47,"column":4},"end":{"line":47,"column":28}}},"fnMap":{"0":{"name":"(anonymous_0)","decl":{"start":{"line":4,"column":30},"end":{"line":4,"column":31}},"loc":{"start":{"line":4,"column":36},"end":{"line":4,"column":55}},"line":4},"1":{"name":"(anonymous_1)","decl":{"start":{"line":5,"column":27},"end":{"line":5,"column":28}},"loc":{"start":{"line":5,"column":35},"end":{"line":5,"column":39}},"line":5},"2":{"name":"queryFactory","decl":{"start":{"line":21,"column":24},"end":{"line":21,"column":36}},"loc":{"start":{"line":26,"column":2},"end":{"line":49,"column":1}},"line":26},"3":{"name":"fetchQuery","decl":{"start":{"line":34,"column":24},"end":{"line":34,"column":34}},"loc":{"start":{"line":34,"column":59},"end":{"line":48,"column":3}},"line":34}},"branchMap":{"0":{"loc":{"start":{"line":24,"column":2},"end":{"line":24,"column":38}},"type":"default-arg","locations":[{"start":{"line":24,"column":17},"end":{"line":24,"column":38}}],"line":24},"1":{"loc":{"start":{"line":25,"column":2},"end":{"line":25,"column":33}},"type":"default-arg","locations":[{"start":{"line":25,"column":15},"end":{"line":25,"column":33}}],"line":25},"2":{"loc":{"start":{"line":34,"column":35},"end":{"line":34,"column":57}},"type":"default-arg","locations":[{"start":{"line":34,"column":43},"end":{"line":34,"column":57}}],"line":34},"3":{"loc":{"start":{"line":37,"column":4},"end":{"line":37,"column":61}},"type":"if","locations":[{"start":{"line":37,"column":4},"end":{"line":37,"column":61}},{"start":{"line":37,"column":4},"end":{"line":37,"column":61}}],"line":37},"4":{"loc":{"start":{"line":46,"column":4},"end":{"line":46,"column":62}},"type":"if","locations":[{"start":{"line":46,"column":4},"end":{"line":46,"column":62}},{"start":{"line":46,"column":4},"end":{"line":46,"column":62}}],"line":46}},"s":{"0":1,"1":5,"2":1,"3":4,"4":1,"5":8,"6":9,"7":9,"8":2,"9":7,"10":7,"11":7,"12":2,"13":5},"f":{"0":5,"1":4,"2":8,"3":9},"b":{"0":[5],"1":[7],"2":[9],"3":[2,7],"4":[2,5]},"_coverageSchema":"332fd63041d2c1bcb487cc26dd0d5f7d97098a6c","hash":"1ccd0ad9a060dbf7699f313cac1d49d528663f5c"}
,"/Users/pirman/Documents/git/nexus-search-webapp/server/elastic-search/__snapshots__/queryFactory.test.js.snap": {"path":"/Users/pirman/Documents/git/nexus-search-webapp/server/elastic-search/__snapshots__/queryFactory.test.js.snap","statementMap":{"0":{"start":{"line":3,"column":0},"end":{"line":11,"column":2}}},"fnMap":{},"branchMap":{},"s":{"0":0},"f":{},"b":{}}
,"/Users/pirman/Documents/git/nexus-search-webapp/server/elastic-search/docs/index.js": {"path":"/Users/pirman/Documents/git/nexus-search-webapp/server/elastic-search/docs/index.js","statementMap":{"0":{"start":{"line":1,"column":0},"end":{"line":null,"column":-1}},"1":{"start":{"line":5,"column":14},"end":{"line":null,"column":-1}}},"fnMap":{"0":{"name":"normalizer","decl":{"start":{"line":5,"column":14},"end":{"line":null,"column":-1}},"loc":{"start":{"line":5,"column":14},"end":{"line":null,"column":-1}}}},"branchMap":{},"s":{"0":0,"1":0},"f":{"0":0},"b":{}}
,"/Users/pirman/Documents/git/nexus-search-webapp/server/elastic-search/docs/query-builder.js": {"path":"/Users/pirman/Documents/git/nexus-search-webapp/server/elastic-search/docs/query-builder.js","statementMap":{"0":{"start":{"line":1,"column":22},"end":{"line":1,"column":0}},"1":{"start":{"line":13,"column":15},"end":{"line":13,"column":2}},"2":{"start":{"line":20,"column":28},"end":{"line":12,"column":30}},"3":{"start":{"line":21,"column":2},"end":{"line":27,"column":3}},"4":{"start":{"line":22,"column":4},"end":{"line":null,"column":-1}},"5":{"start":{"line":28,"column":2},"end":{"line":32,"column":3}},"6":{"start":{"line":29,"column":4},"end":{"line":null,"column":-1}},"7":{"start":{"line":33,"column":2},"end":{"line":79,"column":3}},"8":{"start":{"line":34,"column":4},"end":{"line":null,"column":-1}},"9":{"start":{"line":35,"column":4},"end":{"line":null,"column":-1}},"10":{"start":{"line":37,"column":15},"end":{"line":37,"column":4}},"11":{"start":{"line":39,"column":19},"end":{"line":39,"column":6}},"12":{"start":{"line":40,"column":26},"end":{"line":40,"column":8}},"13":{"start":{"line":42,"column":30},"end":{"line":42,"column":8}},"14":{"start":{"line":43,"column":8},"end":{"line":null,"column":-1}},"15":{"start":{"line":45,"column":6},"end":{"line":62,"column":7}},"16":{"start":{"line":46,"column":8},"end":{"line":null,"column":-1}},"17":{"start":{"line":63,"column":6},"end":{"line":null,"column":-1}},"18":{"start":{"line":74,"column":4},"end":{"line":null,"column":-1}},"19":{"start":{"line":80,"column":2},"end":{"line":null,"column":-1}}},"fnMap":{"0":{"name":"makeDocsQuery","decl":{"start":{"line":12,"column":9},"end":{"line":12,"column":0}},"loc":{"start":{"line":12,"column":30},"end":{"line":81,"column":1}}},"1":{"name":"(anonymous_2)","decl":{"start":{"line":37,"column":39},"end":{"line":37,"column":45}},"loc":{"start":{"line":37,"column":46},"end":{"line":37,"column":15}}},"2":{"name":"(anonymous_3)","decl":{"start":{"line":39,"column":35},"end":{"line":39,"column":48}},"loc":{"start":{"line":39,"column":49},"end":{"line":39,"column":19}}}},"branchMap":{"0":{"loc":{"start":{"line":21,"column":2},"end":{"line":27,"column":3}},"type":"if","locations":[{"start":{"line":21,"column":2},"end":{"line":27,"column":3}},{"start":{"line":21,"column":2},"end":{"line":27,"column":3}}]},"1":{"loc":{"start":{"line":28,"column":2},"end":{"line":32,"column":3}},"type":"if","locations":[{"start":{"line":28,"column":2},"end":{"line":32,"column":3}},{"start":{"line":28,"column":2},"end":{"line":32,"column":3}}]},"2":{"loc":{"start":{"line":33,"column":2},"end":{"line":79,"column":3}},"type":"if","locations":[{"start":{"line":33,"column":2},"end":{"line":79,"column":3}},{"start":{"line":33,"column":2},"end":{"line":79,"column":3}}]},"3":{"loc":{"start":{"line":42,"column":37},"end":{"line":42,"column":51}},"type":"binary-expr","locations":[{"start":{"line":42,"column":37},"end":{"line":42,"column":51}},{"start":{"line":42,"column":52},"end":{"line":42,"column":12}}]},"4":{"loc":{"start":{"line":45,"column":6},"end":{"line":62,"column":7}},"type":"if","locations":[{"start":{"line":45,"column":6},"end":{"line":62,"column":7}},{"start":{"line":45,"column":6},"end":{"line":62,"column":7}}]}},"s":{"0":0,"1":0,"2":0,"3":0,"4":0,"5":0,"6":0,"7":0,"8":0,"9":0,"10":0,"11":0,"12":0,"13":0,"14":0,"15":0,"16":0,"17":0,"18":0,"19":0},"f":{"0":0,"1":0,"2":0},"b":{"0":[0,0],"1":[0,0],"2":[0,0],"3":[0,0],"4":[0,0]}}
,"/Users/pirman/Documents/git/nexus-search-webapp/server/elastic-search/facets/index.js": {"path":"/Users/pirman/Documents/git/nexus-search-webapp/server/elastic-search/facets/index.js","statementMap":{"0":{"start":{"line":1,"column":0},"end":{"line":null,"column":-1}},"1":{"start":{"line":5,"column":14},"end":{"line":null,"column":-1}}},"fnMap":{"0":{"name":"normalizer","decl":{"start":{"line":5,"column":14},"end":{"line":null,"column":-1}},"loc":{"start":{"line":5,"column":14},"end":{"line":null,"column":-1}}}},"branchMap":{},"s":{"0":0,"1":0},"f":{"0":0},"b":{}}
,"/Users/pirman/Documents/git/nexus-search-webapp/server/elastic-search/facets/mappings-to-aggs.js": {"path":"/Users/pirman/Documents/git/nexus-search-webapp/server/elastic-search/facets/mappings-to-aggs.js","statementMap":{"0":{"start":{"line":11,"column":2},"end":{"line":41,"column":11}},"1":{"start":{"line":12,"column":19},"end":{"line":12,"column":52}},"2":{"start":{"line":14,"column":21},"end":{"line":14,"column":36}},"3":{"start":{"line":15,"column":21},"end":{"line":15,"column":50}},"4":{"start":{"line":16,"column":17},"end":{"line":30,"column":14}},"5":{"start":{"line":18,"column":24},"end":{"line":18,"column":84}},"6":{"start":{"line":19,"column":10},"end":{"line":28,"column":11}},"7":{"start":{"line":20,"column":24},"end":{"line":20,"column":37}},"8":{"start":{"line":21,"column":24},"end":{"line":21,"column":52}},"9":{"start":{"line":22,"column":12},"end":{"line":27,"column":16}},"10":{"start":{"line":29,"column":10},"end":{"line":29,"column":21}},"11":{"start":{"line":31,"column":6},"end":{"line":33,"column":7}},"12":{"start":{"line":32,"column":8},"end":{"line":32,"column":54}},"13":{"start":{"line":34,"column":6},"end":{"line":39,"column":7}},"14":{"start":{"line":40,"column":6},"end":{"line":40,"column":18}}},"fnMap":{"0":{"name":"mappingToArgs","decl":{"start":{"line":10,"column":10},"end":{"line":10,"column":23}},"loc":{"start":{"line":10,"column":42},"end":{"line":42,"column":1}},"line":10},"1":{"name":"(anonymous_1)","decl":{"start":{"line":12,"column":12},"end":{"line":12,"column":13}},"loc":{"start":{"line":12,"column":19},"end":{"line":12,"column":52}},"line":12},"2":{"name":"(anonymous_2)","decl":{"start":{"line":13,"column":12},"end":{"line":13,"column":13}},"loc":{"start":{"line":13,"column":27},"end":{"line":41,"column":5}},"line":13},"3":{"name":"(anonymous_3)","decl":{"start":{"line":17,"column":16},"end":{"line":17,"column":17}},"loc":{"start":{"line":17,"column":35},"end":{"line":30,"column":9}},"line":17}},"branchMap":{"0":{"loc":{"start":{"line":15,"column":22},"end":{"line":15,"column":43}},"type":"cond-expr","locations":[{"start":{"line":15,"column":28},"end":{"line":15,"column":38}},{"start":{"line":15,"column":41},"end":{"line":15,"column":43}}],"line":15},"1":{"loc":{"start":{"line":19,"column":10},"end":{"line":28,"column":11}},"type":"if","locations":[{"start":{"line":19,"column":10},"end":{"line":28,"column":11}},{"start":{"line":19,"column":10},"end":{"line":28,"column":11}}],"line":19},"2":{"loc":{"start":{"line":31,"column":6},"end":{"line":33,"column":7}},"type":"if","locations":[{"start":{"line":31,"column":6},"end":{"line":33,"column":7}},{"start":{"line":31,"column":6},"end":{"line":33,"column":7}}],"line":31}},"s":{"0":5,"1":6,"2":6,"3":6,"4":6,"5":15,"6":15,"7":9,"8":9,"9":9,"10":15,"11":6,"12":1,"13":6,"14":6},"f":{"0":5,"1":6,"2":6,"3":15},"b":{"0":[1,5],"1":[9,6],"2":[1,5]},"_coverageSchema":"332fd63041d2c1bcb487cc26dd0d5f7d97098a6c","hash":"1833d24b56fa22a8328c3e359aac740d32abdc0c"}
,"/Users/pirman/Documents/git/nexus-search-webapp/server/elastic-search/facets/query-builder.js": {"path":"/Users/pirman/Documents/git/nexus-search-webapp/server/elastic-search/facets/query-builder.js","statementMap":{"0":{"start":{"line":3,"column":0},"end":{"line":null,"column":-1}},"1":{"start":{"line":4,"column":6},"end":{"line":3,"column":0}},"2":{"start":{"line":8,"column":2},"end":{"line":null,"column":-1}},"3":{"start":{"line":18,"column":0},"end":{"line":18,"column":-1}},"4":{"start":{"line":18,"column":0},"end":{"line":null,"column":-1}},"5":{"start":{"line":19,"column":6},"end":{"line":18,"column":0}},"6":{"start":{"line":27,"column":2},"end":{"line":33,"column":3}},"7":{"start":{"line":28,"column":4},"end":{"line":null,"column":-1}},"8":{"start":{"line":34,"column":2},"end":{"line":38,"column":3}},"9":{"start":{"line":35,"column":4},"end":{"line":null,"column":-1}},"10":{"start":{"line":1,"column":0},"end":{"line":null,"column":-1}}},"fnMap":{"0":{"name":"_callee$","decl":{"start":{"line":3,"column":0},"end":{"line":null,"column":-1}},"loc":{"start":{"line":3,"column":0},"end":{"line":null,"column":-1}}},"1":{"name":"_callee2$","decl":{"start":{"line":18,"column":0},"end":{"line":null,"column":-1}},"loc":{"start":{"line":18,"column":0},"end":{"line":null,"column":-1}}}},"branchMap":{"0":{"loc":{"start":{"line":3,"column":0},"end":{"line":null,"column":-1}},"type":"switch","locations":[{"start":{"line":3,"column":0},"end":{"line":null,"column":-1}},{"start":{"line":3,"column":0},"end":{"line":null,"column":-1}},{"start":{"line":3,"column":0},"end":{"line":null,"column":-1}},{"start":{"line":3,"column":0},"end":{"line":null,"column":-1}}]},"1":{"loc":{"start":{"line":18,"column":0},"end":{"line":null,"column":-1}},"type":"switch","locations":[{"start":{"line":18,"column":0},"end":{"line":null,"column":-1}},{"start":{"line":18,"column":0},"end":{"line":null,"column":-1}},{"start":{"line":18,"column":0},"end":{"line":null,"column":-1}},{"start":{"line":18,"column":0},"end":{"line":null,"column":-1}}]},"2":{"loc":{"start":{"line":27,"column":2},"end":{"line":33,"column":3}},"type":"if","locations":[{"start":{"line":27,"column":2},"end":{"line":33,"column":3}},{"start":{"line":27,"column":2},"end":{"line":33,"column":3}}]},"3":{"loc":{"start":{"line":34,"column":2},"end":{"line":38,"column":3}},"type":"if","locations":[{"start":{"line":34,"column":2},"end":{"line":38,"column":3}},{"start":{"line":34,"column":2},"end":{"line":38,"column":3}}]}},"s":{"0":0,"1":0,"2":0,"3":0,"4":0,"5":0,"6":0,"7":0,"8":0,"9":0,"10":0},"f":{"0":0,"1":0},"b":{"0":[0,0,0,0],"1":[0,0,0,0],"2":[0,0],"3":[0,0]}}
,"/Users/pirman/Documents/git/nexus-search-webapp/server/elastic-search/facets/__snapshots__/mapping-to-aggs.test.js.snap": {"path":"/Users/pirman/Documents/git/nexus-search-webapp/server/elastic-search/facets/__snapshots__/mapping-to-aggs.test.js.snap","statementMap":{"0":{"start":{"line":3,"column":0},"end":{"line":18,"column":2}},"1":{"start":{"line":20,"column":0},"end":{"line":47,"column":2}},"2":{"start":{"line":49,"column":0},"end":{"line":69,"column":2}},"3":{"start":{"line":71,"column":0},"end":{"line":108,"column":2}}},"fnMap":{},"branchMap":{},"s":{"0":0,"1":0,"2":0,"3":0},"f":{},"b":{}}
,"/Users/pirman/Documents/git/nexus-search-webapp/server/elastic-search/types/index.js": {"path":"/Users/pirman/Documents/git/nexus-search-webapp/server/elastic-search/types/index.js","statementMap":{"0":{"start":{"line":1,"column":0},"end":{"line":null,"column":-1}},"1":{"start":{"line":2,"column":0},"end":{"line":null,"column":-1}}},"fnMap":{},"branchMap":{},"s":{"0":0,"1":0},"f":{},"b":{}}
,"/Users/pirman/Documents/git/nexus-search-webapp/server/elastic-search/types/normalizer.js": {"path":"/Users/pirman/Documents/git/nexus-search-webapp/server/elastic-search/types/normalizer.js","statementMap":{"0":{"start":{"line":3,"column":23},"end":{"line":6,"column":1}},"1":{"start":{"line":15,"column":14},"end":{"line":15,"column":49}},"2":{"start":{"line":17,"column":16},"end":{"line":20,"column":4}},"3":{"start":{"line":21,"column":2},"end":{"line":24,"column":5}},"4":{"start":{"line":22,"column":4},"end":{"line":22,"column":38}},"5":{"start":{"line":23,"column":4},"end":{"line":23,"column":16}},"6":{"start":{"line":25,"column":2},"end":{"line":25,"column":14}}},"fnMap":{"0":{"name":"normalizer","decl":{"start":{"line":14,"column":9},"end":{"line":14,"column":19}},"loc":{"start":{"line":14,"column":27},"end":{"line":26,"column":1}},"line":14},"1":{"name":"(anonymous_1)","decl":{"start":{"line":21,"column":20},"end":{"line":21,"column":21}},"loc":{"start":{"line":21,"column":37},"end":{"line":24,"column":3}},"line":21}},"branchMap":{},"s":{"0":1,"1":2,"2":2,"3":2,"4":14,"5":14,"6":2},"f":{"0":2,"1":14},"b":{},"_coverageSchema":"332fd63041d2c1bcb487cc26dd0d5f7d97098a6c","hash":"1d418e2c33ad06df6cc686a11277c8274a1fb76c"}
,"/Users/pirman/Documents/git/nexus-search-webapp/server/elastic-search/types/query-builder.js": {"path":"/Users/pirman/Documents/git/nexus-search-webapp/server/elastic-search/types/query-builder.js","statementMap":{"0":{"start":{"line":1,"column":17},"end":{"line":7,"column":1}},"1":{"start":{"line":16,"column":2},"end":{"line":20,"column":4}},"2":{"start":{"line":30,"column":15},"end":{"line":32,"column":3}},"3":{"start":{"line":33,"column":2},"end":{"line":35,"column":3}},"4":{"start":{"line":34,"column":4},"end":{"line":34,"column":45}},"5":{"start":{"line":36,"column":2},"end":{"line":36,"column":16}}},"fnMap":{"0":{"name":"makeQueryStringWithText","decl":{"start":{"line":15,"column":9},"end":{"line":15,"column":32}},"loc":{"start":{"line":15,"column":45},"end":{"line":21,"column":1}},"line":15},"1":{"name":"makeTypeQuery","decl":{"start":{"line":29,"column":9},"end":{"line":29,"column":22}},"loc":{"start":{"line":29,"column":40},"end":{"line":37,"column":1}},"line":29}},"branchMap":{"0":{"loc":{"start":{"line":29,"column":23},"end":{"line":29,"column":38}},"type":"default-arg","locations":[{"start":{"line":29,"column":29},"end":{"line":29,"column":38}}],"line":29},"1":{"loc":{"start":{"line":33,"column":2},"end":{"line":35,"column":3}},"type":"if","locations":[{"start":{"line":33,"column":2},"end":{"line":35,"column":3}},{"start":{"line":33,"column":2},"end":{"line":35,"column":3}}],"line":33}},"s":{"0":1,"1":2,"2":5,"3":5,"4":2,"5":5},"f":{"0":2,"1":5},"b":{"0":[3],"1":[2,3]},"_coverageSchema":"332fd63041d2c1bcb487cc26dd0d5f7d97098a6c","hash":"4b3330413f732f67274b4550ce8311ea3005fe75"}
,"/Users/pirman/Documents/git/nexus-search-webapp/server/elastic-search/types/__snapshots__/normalizer.test.js.snap": {"path":"/Users/pirman/Documents/git/nexus-search-webapp/server/elastic-search/types/__snapshots__/normalizer.test.js.snap","statementMap":{"0":{"start":{"line":3,"column":0},"end":{"line":41,"column":2}}},"fnMap":{},"branchMap":{},"s":{"0":0},"f":{},"b":{}}
,"/Users/pirman/Documents/git/nexus-search-webapp/server/libs/async.js": {"path":"/Users/pirman/Documents/git/nexus-search-webapp/server/libs/async.js","statementMap":{"0":{"start":{"line":10,"column":2},"end":{"line":15,"column":3}},"1":{"start":{"line":11,"column":15},"end":{"line":11,"column":28}},"2":{"start":{"line":12,"column":4},"end":{"line":12,"column":24}},"3":{"start":{"line":14,"column":4},"end":{"line":14,"column":19}},"4":{"start":{"line":18,"column":18},"end":{"line":18,"column":25}}},"fnMap":{"0":{"name":"awaitTo","decl":{"start":{"line":9,"column":15},"end":{"line":9,"column":22}},"loc":{"start":{"line":9,"column":33},"end":{"line":16,"column":1}},"line":9}},"branchMap":{},"s":{"0":16,"1":16,"2":12,"3":4,"4":1},"f":{"0":16},"b":{},"_coverageSchema":"332fd63041d2c1bcb487cc26dd0d5f7d97098a6c","hash":"d587d9dd7ab5c1071edf98923e5ceab192bf6a5e"}
,"/Users/pirman/Documents/git/nexus-search-webapp/server/libs/object.js": {"path":"/Users/pirman/Documents/git/nexus-search-webapp/server/libs/object.js","statementMap":{"0":{"start":{"line":1,"column":19},"end":{"line":2,"column":54}},"1":{"start":{"line":2,"column":2},"end":{"line":2,"column":54}},"2":{"start":{"line":2,"column":23},"end":{"line":2,"column":49}}},"fnMap":{"0":{"name":"(anonymous_0)","decl":{"start":{"line":1,"column":19},"end":{"line":1,"column":20}},"loc":{"start":{"line":2,"column":2},"end":{"line":2,"column":54}},"line":2},"1":{"name":"(anonymous_1)","decl":{"start":{"line":2,"column":11},"end":{"line":2,"column":12}},"loc":{"start":{"line":2,"column":23},"end":{"line":2,"column":49}},"line":2}},"branchMap":{"0":{"loc":{"start":{"line":2,"column":23},"end":{"line":2,"column":49}},"type":"cond-expr","locations":[{"start":{"line":2,"column":37},"end":{"line":2,"column":42}},{"start":{"line":2,"column":45},"end":{"line":2,"column":49}}],"line":2},"1":{"loc":{"start":{"line":2,"column":23},"end":{"line":2,"column":34}},"type":"binary-expr","locations":[{"start":{"line":2,"column":23},"end":{"line":2,"column":25}},{"start":{"line":2,"column":29},"end":{"line":2,"column":34}}],"line":2}},"s":{"0":1,"1":15,"2":45},"f":{"0":15,"1":45},"b":{"0":[28,17],"1":[45,34]},"_coverageSchema":"332fd63041d2c1bcb487cc26dd0d5f7d97098a6c","hash":"375d2f3a7a15f3e4419c83854ac7e8b6c0243766"}
,"/Users/pirman/Documents/git/nexus-search-webapp/src/components/Icons.js": {"path":"/Users/pirman/Documents/git/nexus-search-webapp/src/components/Icons.js","statementMap":{"0":{"start":{"line":1,"column":0},"end":{"line":null,"column":-1}},"1":{"start":{"line":2,"column":0},"end":{"line":null,"column":-1}},"2":{"start":{"line":3,"column":0},"end":{"line":null,"column":-1}},"3":{"start":{"line":4,"column":0},"end":{"line":null,"column":-1}},"4":{"start":{"line":5,"column":0},"end":{"line":null,"column":-1}},"5":{"start":{"line":6,"column":0},"end":{"line":null,"column":-1}},"6":{"start":{"line":7,"column":0},"end":{"line":null,"column":-1}}},"fnMap":{},"branchMap":{},"s":{"0":0,"1":0,"2":0,"3":0,"4":0,"5":0,"6":0},"f":{},"b":{}}
,"/Users/pirman/Documents/git/nexus-search-webapp/src/components/SearchBar.js": {"path":"/Users/pirman/Documents/git/nexus-search-webapp/src/components/SearchBar.js","statementMap":{"0":{"start":{"line":1,"column":0},"end":{"line":null,"column":-1}},"1":{"start":{"line":2,"column":0},"end":{"line":null,"column":-1}},"2":{"start":{"line":3,"column":0},"end":{"line":null,"column":-1}},"3":{"start":{"line":4,"column":0},"end":{"line":null,"column":-1}},"4":{"start":{"line":5,"column":0},"end":{"line":null,"column":-1}},"5":{"start":{"line":6,"column":0},"end":{"line":null,"column":-1}},"6":{"start":{"line":8,"column":0},"end":{"line":null,"column":-1}},"7":{"start":{"line":9,"column":0},"end":{"line":null,"column":-1}},"8":{"start":{"line":77,"column":18},"end":{"line":77,"column":0}},"9":{"start":{"line":77,"column":18},"end":{"line":77,"column":17}},"10":{"start":{"line":77,"column":18},"end":{"line":null,"column":-1}},"11":{"start":{"line":90,"column":4},"end":{"line":null,"column":-1}},"12":{"start":{"line":93,"column":3},"end":{"line":null,"column":-1}},"13":{"start":{"line":96,"column":22},"end":{"line":95,"column":11}},"14":{"start":{"line":97,"column":4},"end":{"line":null,"column":-1}},"15":{"start":{"line":101,"column":38},"end":{"line":101,"column":37}},"16":{"start":{"line":102,"column":16},"end":{"line":102,"column":2}},"17":{"start":{"line":103,"column":2},"end":{"line":null,"column":-1}},"18":{"start":{"line":109,"column":2},"end":{"line":null,"column":-1}}},"fnMap":{"0":{"name":"SearchBar","decl":{"start":{"line":77,"column":6},"end":{"line":77,"column":18}},"loc":{"start":{"line":77,"column":18},"end":{"line":77,"column":0}}},"1":{"name":"mapStateToProps","decl":{"start":{"line":101,"column":9},"end":{"line":101,"column":0}},"loc":{"start":{"line":101,"column":38},"end":{"line":106,"column":1}}},"2":{"name":"mapDispatchToProps","decl":{"start":{"line":108,"column":9},"end":{"line":108,"column":0}},"loc":{"start":{"line":108,"column":38},"end":{"line":112,"column":1}}}},"branchMap":{"0":{"loc":{"start":{"line":93,"column":35},"end":{"line":93,"column":43}},"type":"binary-expr","locations":[{"start":{"line":93,"column":35},"end":{"line":93,"column":43}},{"start":{"line":93,"column":44},"end":{"line":93,"column":26}}]}},"s":{"0":0,"1":0,"2":0,"3":0,"4":0,"5":0,"6":0,"7":0,"8":0,"9":0,"10":0,"11":0,"12":0,"13":0,"14":0,"15":0,"16":0,"17":0,"18":0},"f":{"0":0,"1":0,"2":0},"b":{"0":[0,0]}}
,"/Users/pirman/Documents/git/nexus-search-webapp/src/components/SearchResults.js": {"path":"/Users/pirman/Documents/git/nexus-search-webapp/src/components/SearchResults.js","statementMap":{"0":{"start":{"line":1,"column":0},"end":{"line":null,"column":-1}},"1":{"start":{"line":2,"column":0},"end":{"line":null,"column":-1}},"2":{"start":{"line":3,"column":0},"end":{"line":null,"column":-1}},"3":{"start":{"line":4,"column":0},"end":{"line":null,"column":-1}},"4":{"start":{"line":5,"column":0},"end":{"line":null,"column":-1}},"5":{"start":{"line":6,"column":0},"end":{"line":null,"column":-1}},"6":{"start":{"line":7,"column":0},"end":{"line":null,"column":-1}},"7":{"start":{"line":8,"column":0},"end":{"line":null,"column":-1}},"8":{"start":{"line":9,"column":0},"end":{"line":null,"column":-1}},"9":{"start":{"line":10,"column":0},"end":{"line":null,"column":-1}},"10":{"start":{"line":11,"column":0},"end":{"line":null,"column":-1}},"11":{"start":{"line":12,"column":0},"end":{"line":null,"column":-1}},"12":{"start":{"line":14,"column":26},"end":{"line":14,"column":0}},"13":{"start":{"line":16,"column":17},"end":{"line":16,"column":0}},"14":{"start":{"line":16,"column":64},"end":{"line":16,"column":63}},"15":{"start":{"line":17,"column":2},"end":{"line":null,"column":-1}},"16":{"start":{"line":35,"column":0},"end":{"line":null,"column":-1}},"17":{"start":{"line":41,"column":22},"end":{"line":41,"column":0}},"18":{"start":{"line":41,"column":36},"end":{"line":41,"column":35}},"19":{"start":{"line":42,"column":17},"end":{"line":42,"column":2}},"20":{"start":{"line":43,"column":22},"end":{"line":43,"column":2}},"21":{"start":{"line":44,"column":21},"end":{"line":44,"column":2}},"22":{"start":{"line":45,"column":2},"end":{"line":null,"column":-1}},"23":{"start":{"line":68,"column":26},"end":{"line":68,"column":0}},"24":{"start":{"line":68,"column":64},"end":{"line":68,"column":63}},"25":{"start":{"line":69,"column":2},"end":{"line":null,"column":-1}},"26":{"start":{"line":72,"column":8},"end":{"line":null,"column":-1}},"27":{"start":{"line":75,"column":21},"end":{"line":null,"column":-1}},"28":{"start":{"line":85,"column":26},"end":{"line":85,"column":0}},"29":{"start":{"line":85,"column":75},"end":{"line":85,"column":74}},"30":{"start":{"line":86,"column":2},"end":{"line":null,"column":-1}},"31":{"start":{"line":89,"column":8},"end":{"line":null,"column":-1}},"32":{"start":{"line":101,"column":27},"end":{"line":101,"column":0}},"33":{"start":{"line":110,"column":2},"end":{"line":null,"column":-1}},"34":{"start":{"line":141,"column":22},"end":{"line":141,"column":0}},"35":{"start":{"line":144,"column":5},"end":{"line":144,"column":4}},"36":{"start":{"line":145,"column":2},"end":{"line":null,"column":-1}},"37":{"start":{"line":182,"column":21},"end":{"line":null,"column":-1}},"38":{"start":{"line":184,"column":4},"end":{"line":null,"column":-1}},"39":{"start":{"line":188,"column":4},"end":{"line":null,"column":-1}},"40":{"start":{"line":191,"column":4},"end":{"line":null,"column":-1}},"41":{"start":{"line":194,"column":4},"end":{"line":196,"column":5}},"42":{"start":{"line":195,"column":6},"end":{"line":null,"column":-1}},"43":{"start":{"line":197,"column":4},"end":{"line":199,"column":5}},"44":{"start":{"line":198,"column":6},"end":{"line":null,"column":-1}},"45":{"start":{"line":200,"column":4},"end":{"line":202,"column":5}},"46":{"start":{"line":201,"column":6},"end":{"line":null,"column":-1}},"47":{"start":{"line":204,"column":32},"end":{"line":null,"column":-1}},"48":{"start":{"line":204,"column":32},"end":{"line":204,"column":31}},"49":{"start":{"line":205,"column":17},"end":{"line":205,"column":4}},"50":{"start":{"line":206,"column":4},"end":{"line":null,"column":-1}},"51":{"start":{"line":206,"column":38},"end":{"line":null,"column":-1}},"52":{"start":{"line":209,"column":34},"end":{"line":208,"column":11}},"53":{"start":{"line":208,"column":11},"end":{"line":208,"column":10}},"54":{"start":{"line":210,"column":19},"end":{"line":208,"column":11}},"55":{"start":{"line":211,"column":4},"end":{"line":null,"column":-1}},"56":{"start":{"line":214,"column":23},"end":{"line":213,"column":11}},"57":{"start":{"line":215,"column":4},"end":{"line":null,"column":-1}},"58":{"start":{"line":223,"column":0},"end":{"line":null,"column":-1}},"59":{"start":{"line":234,"column":53},"end":{"line":234,"column":52}},"60":{"start":{"line":235,"column":20},"end":{"line":235,"column":2}},"61":{"start":{"line":236,"column":23},"end":{"line":236,"column":2}},"62":{"start":{"line":237,"column":17},"end":{"line":237,"column":2}},"63":{"start":{"line":238,"column":2},"end":{"line":null,"column":-1}},"64":{"start":{"line":251,"column":2},"end":{"line":null,"column":-1}}},"fnMap":{"0":{"name":"Paginate","decl":{"start":{"line":16,"column":6},"end":{"line":16,"column":17}},"loc":{"start":{"line":16,"column":64},"end":{"line":16,"column":0}}},"1":{"name":"SearchToolbar","decl":{"start":{"line":41,"column":6},"end":{"line":41,"column":22}},"loc":{"start":{"line":41,"column":36},"end":{"line":41,"column":0}}},"2":{"name":"onChange","decl":{"start":{"line":51,"column":69},"end":{"line":51,"column":74}},"loc":{"start":{"line":51,"column":75},"end":{"line":51,"column":8}}},"3":{"name":"onChange","decl":{"start":{"line":55,"column":30},"end":{"line":55,"column":35}},"loc":{"start":{"line":55,"column":36},"end":{"line":55,"column":8}}},"4":{"name":"SearchResultsList","decl":{"start":{"line":68,"column":6},"end":{"line":68,"column":26}},"loc":{"start":{"line":68,"column":64},"end":{"line":68,"column":0}}},"5":{"name":"(anonymous_12)","decl":{"start":{"line":71,"column":19},"end":{"line":71,"column":19}},"loc":{"start":{"line":71,"column":38},"end":{"line":71,"column":7}}},"6":{"name":"onClick","decl":{"start":{"line":75,"column":21},"end":{"line":null,"column":-1}},"loc":{"start":{"line":75,"column":21},"end":{"line":73,"column":10}}},"7":{"name":"SearchResultsGrid","decl":{"start":{"line":85,"column":6},"end":{"line":85,"column":26}},"loc":{"start":{"line":85,"column":75},"end":{"line":85,"column":0}}},"8":{"name":"(anonymous_15)","decl":{"start":{"line":88,"column":19},"end":{"line":88,"column":19}},"loc":{"start":{"line":88,"column":38},"end":{"line":88,"column":7}}},"9":{"name":"SearchResultsFound","decl":{"start":{"line":101,"column":6},"end":{"line":101,"column":27}},"loc":{"start":{"line":109,"column":5},"end":{"line":101,"column":0}}},"10":{"name":"SearchResults","decl":{"start":{"line":141,"column":6},"end":{"line":141,"column":22}},"loc":{"start":{"line":144,"column":5},"end":{"line":141,"column":0}}},"11":{"name":"SearchResultsContainer","decl":{"start":{"line":182,"column":2},"end":{"line":182,"column":13}},"loc":{"start":{"line":182,"column":21},"end":{"line":189,"column":3}}},"12":{"name":"(anonymous_23)","decl":{"start":{"line":206,"column":38},"end":{"line":null,"column":-1}},"loc":{"start":{"line":206,"column":38},"end":{"line":206,"column":4}}},"13":{"name":"mapStateToProps","decl":{"start":{"line":234,"column":9},"end":{"line":234,"column":0}},"loc":{"start":{"line":234,"column":53},"end":{"line":248,"column":1}}},"14":{"name":"mapDispatchToProps","decl":{"start":{"line":250,"column":9},"end":{"line":250,"column":0}},"loc":{"start":{"line":250,"column":38},"end":{"line":255,"column":1}}}},"branchMap":{"0":{"loc":{"start":{"line":122,"column":8},"end":{"line":121,"column":7}},"type":"cond-expr","locations":[{"start":{"line":122,"column":8},"end":{"line":121,"column":7}},{"start":{"line":127,"column":8},"end":{"line":111,"column":4}}]},"1":{"loc":{"start":{"line":129,"column":7},"end":{"line":129,"column":6}},"type":"binary-expr","locations":[{"start":{"line":129,"column":7},"end":{"line":129,"column":6}},{"start":{"line":130,"column":8},"end":{"line":null,"column":-1}}]},"2":{"loc":{"start":{"line":147,"column":7},"end":{"line":148,"column":7}},"type":"binary-expr","locations":[{"start":{"line":147,"column":7},"end":{"line":148,"column":7}},{"start":{"line":148,"column":8},"end":{"line":146,"column":4}}]},"3":{"loc":{"start":{"line":154,"column":7},"end":{"line":154,"column":6}},"type":"binary-expr","locations":[{"start":{"line":154,"column":7},"end":{"line":154,"column":6}},{"start":{"line":155,"column":8},"end":{"line":146,"column":4}}]},"4":{"loc":{"start":{"line":164,"column":7},"end":{"line":164,"column":6}},"type":"binary-expr","locations":[{"start":{"line":164,"column":7},"end":{"line":164,"column":6}},{"start":{"line":165,"column":8},"end":{"line":164,"column":7}},{"start":{"line":166,"column":10},"end":{"line":null,"column":-1}}]},"5":{"loc":{"start":{"line":182,"column":21},"end":{"line":183,"column":9}},"type":"binary-expr","locations":[{"start":{"line":182,"column":21},"end":{"line":183,"column":9}},{"start":{"line":182,"column":21},"end":{"line":183,"column":9}}]},"6":{"loc":{"start":{"line":188,"column":20},"end":{"line":188,"column":19}},"type":"binary-expr","locations":[{"start":{"line":188,"column":20},"end":{"line":188,"column":19}},{"start":{"line":188,"column":43},"end":{"line":188,"column":4}}]},"7":{"loc":{"start":{"line":194,"column":4},"end":{"line":196,"column":5}},"type":"if","locations":[{"start":{"line":194,"column":4},"end":{"line":196,"column":5}},{"start":{"line":194,"column":4},"end":{"line":196,"column":5}}]},"8":{"loc":{"start":{"line":197,"column":4},"end":{"line":199,"column":5}},"type":"if","locations":[{"start":{"line":197,"column":4},"end":{"line":199,"column":5}},{"start":{"line":197,"column":4},"end":{"line":199,"column":5}}]},"9":{"loc":{"start":{"line":200,"column":4},"end":{"line":202,"column":5}},"type":"if","locations":[{"start":{"line":200,"column":4},"end":{"line":202,"column":5}},{"start":{"line":200,"column":4},"end":{"line":202,"column":5}}]}},"s":{"0":0,"1":0,"2":0,"3":0,"4":0,"5":0,"6":0,"7":0,"8":0,"9":0,"10":0,"11":0,"12":0,"13":0,"14":0,"15":0,"16":0,"17":0,"18":0,"19":0,"20":0,"21":0,"22":0,"23":0,"24":0,"25":0,"26":0,"27":0,"28":0,"29":0,"30":0,"31":0,"32":0,"33":0,"34":0,"35":0,"36":0,"37":0,"38":0,"39":0,"40":0,"41":0,"42":0,"43":0,"44":0,"45":0,"46":0,"47":0,"48":0,"49":0,"50":0,"51":0,"52":0,"53":0,"54":0,"55":0,"56":0,"57":0,"58":0,"59":0,"60":0,"61":0,"62":0,"63":0,"64":0},"f":{"0":0,"1":0,"2":0,"3":0,"4":0,"5":0,"6":0,"7":0,"8":0,"9":0,"10":0,"11":0,"12":0,"13":0,"14":0},"b":{"0":[0,0],"1":[0,0],"2":[0,0],"3":[0,0],"4":[0,0,0],"5":[0,0],"6":[0,0],"7":[0,0],"8":[0,0],"9":[0,0]}}
,"/Users/pirman/Documents/git/nexus-search-webapp/src/components/Filters/Categories.js": {"path":"/Users/pirman/Documents/git/nexus-search-webapp/src/components/Filters/Categories.js","statementMap":{"0":{"start":{"line":1,"column":0},"end":{"line":null,"column":-1}},"1":{"start":{"line":2,"column":0},"end":{"line":null,"column":-1}},"2":{"start":{"line":3,"column":0},"end":{"line":null,"column":-1}},"3":{"start":{"line":4,"column":0},"end":{"line":null,"column":-1}},"4":{"start":{"line":5,"column":0},"end":{"line":null,"column":-1}},"5":{"start":{"line":6,"column":0},"end":{"line":null,"column":-1}},"6":{"start":{"line":7,"column":0},"end":{"line":null,"column":-1}},"7":{"start":{"line":8,"column":0},"end":{"line":null,"column":-1}},"8":{"start":{"line":9,"column":0},"end":{"line":null,"column":-1}},"9":{"start":{"line":14,"column":2},"end":{"line":null,"column":-1}},"10":{"start":{"line":15,"column":12},"end":{"line":15,"column":4}},"11":{"start":{"line":15,"column":40},"end":{"line":15,"column":4}},"12":{"start":{"line":16,"column":4},"end":{"line":null,"column":-1}},"13":{"start":{"line":20,"column":15},"end":{"line":20,"column":0}},"14":{"start":{"line":21,"column":2},"end":{"line":null,"column":-1}},"15":{"start":{"line":40,"column":16},"end":{"line":40,"column":15}},"16":{"start":{"line":40,"column":16},"end":{"line":null,"column":-1}},"17":{"start":{"line":52,"column":14},"end":{"line":null,"column":-1}},"18":{"start":{"line":57,"column":14},"end":{"line":null,"column":-1}},"19":{"start":{"line":114,"column":19},"end":{"line":114,"column":0}},"20":{"start":{"line":114,"column":19},"end":{"line":null,"column":-1}}},"fnMap":{"0":{"name":"uuidv4","decl":{"start":{"line":13,"column":9},"end":{"line":13,"column":0}},"loc":{"start":{"line":13,"column":18},"end":{"line":18,"column":1}}},"1":{"name":"(anonymous_2)","decl":{"start":{"line":14,"column":65},"end":{"line":14,"column":73}},"loc":{"start":{"line":14,"column":77},"end":{"line":14,"column":9}}},"2":{"name":"MyTree","decl":{"start":{"line":20,"column":6},"end":{"line":20,"column":15}},"loc":{"start":{"line":20,"column":21},"end":{"line":20,"column":0}}},"3":{"name":"onInjected","decl":{"start":{"line":27,"column":24},"end":{"line":27,"column":30}},"loc":{"start":{"line":27,"column":31},"end":{"line":25,"column":10}}},"4":{"name":"onClick","decl":{"start":{"line":31,"column":21},"end":{"line":31,"column":26}},"loc":{"start":{"line":31,"column":27},"end":{"line":25,"column":10}}},"5":{"name":"icon","decl":{"start":{"line":40,"column":16},"end":{"line":null,"column":-1}},"loc":{"start":{"line":40,"column":16},"end":{"line":39,"column":8}}},"6":{"name":"onInjected","decl":{"start":{"line":51,"column":24},"end":{"line":51,"column":30}},"loc":{"start":{"line":51,"column":31},"end":{"line":49,"column":10}}},"7":{"name":"onClick","decl":{"start":{"line":56,"column":21},"end":{"line":56,"column":26}},"loc":{"start":{"line":56,"column":27},"end":{"line":49,"column":10}}},"8":{"name":"onInjected","decl":{"start":{"line":69,"column":24},"end":{"line":69,"column":30}},"loc":{"start":{"line":69,"column":31},"end":{"line":67,"column":10}}},"9":{"name":"onClick","decl":{"start":{"line":73,"column":21},"end":{"line":73,"column":26}},"loc":{"start":{"line":73,"column":27},"end":{"line":67,"column":10}}},"10":{"name":"onInjected","decl":{"start":{"line":84,"column":24},"end":{"line":84,"column":30}},"loc":{"start":{"line":84,"column":31},"end":{"line":82,"column":10}}},"11":{"name":"onClick","decl":{"start":{"line":88,"column":21},"end":{"line":88,"column":26}},"loc":{"start":{"line":88,"column":27},"end":{"line":82,"column":10}}},"12":{"name":"onInjected","decl":{"start":{"line":99,"column":24},"end":{"line":99,"column":30}},"loc":{"start":{"line":99,"column":31},"end":{"line":97,"column":10}}},"13":{"name":"onClick","decl":{"start":{"line":103,"column":21},"end":{"line":103,"column":26}},"loc":{"start":{"line":103,"column":27},"end":{"line":97,"column":10}}},"14":{"name":"Categories","decl":{"start":{"line":114,"column":6},"end":{"line":114,"column":19}},"loc":{"start":{"line":114,"column":19},"end":{"line":114,"column":0}}}},"branchMap":{"0":{"loc":{"start":{"line":15,"column":51},"end":{"line":15,"column":40}},"type":"cond-expr","locations":[{"start":{"line":15,"column":51},"end":{"line":15,"column":40}},{"start":{"line":15,"column":56},"end":{"line":15,"column":4}}]},"1":{"loc":{"start":{"line":41,"column":35},"end":{"line":41,"column":24}},"type":"cond-expr","locations":[{"start":{"line":41,"column":35},"end":{"line":41,"column":24}},{"start":{"line":41,"column":45},"end":{"line":41,"column":12}}]}},"s":{"0":0,"1":0,"2":0,"3":0,"4":0,"5":0,"6":0,"7":0,"8":0,"9":0,"10":0,"11":0,"12":0,"13":0,"14":0,"15":0,"16":0,"17":0,"18":0,"19":0,"20":0},"f":{"0":0,"1":0,"2":0,"3":0,"4":0,"5":0,"6":0,"7":0,"8":0,"9":0,"10":0,"11":0,"12":0,"13":0,"14":0},"b":{"0":[0,0],"1":[0,0]}}
,"/Users/pirman/Documents/git/nexus-search-webapp/src/components/Filters/Facets.js": {"path":"/Users/pirman/Documents/git/nexus-search-webapp/src/components/Filters/Facets.js","statementMap":{"0":{"start":{"line":1,"column":0},"end":{"line":null,"column":-1}},"1":{"start":{"line":2,"column":0},"end":{"line":null,"column":-1}},"2":{"start":{"line":3,"column":0},"end":{"line":null,"column":-1}},"3":{"start":{"line":4,"column":0},"end":{"line":null,"column":-1}},"4":{"start":{"line":5,"column":0},"end":{"line":null,"column":-1}},"5":{"start":{"line":6,"column":0},"end":{"line":null,"column":-1}},"6":{"start":{"line":7,"column":0},"end":{"line":null,"column":-1}},"7":{"start":{"line":8,"column":0},"end":{"line":null,"column":-1}},"8":{"start":{"line":9,"column":22},"end":{"line":9,"column":0}},"9":{"start":{"line":11,"column":19},"end":{"line":11,"column":0}},"10":{"start":{"line":11,"column":19},"end":{"line":11,"column":18}},"11":{"start":{"line":11,"column":19},"end":{"line":null,"column":-1}},"12":{"start":{"line":18,"column":18},"end":{"line":18,"column":0}},"13":{"start":{"line":18,"column":18},"end":{"line":18,"column":17}},"14":{"start":{"line":18,"column":18},"end":{"line":null,"column":-1}},"15":{"start":{"line":22,"column":14},"end":{"line":22,"column":0}},"16":{"start":{"line":22,"column":54},"end":{"line":22,"column":53}},"17":{"start":{"line":23,"column":2},"end":{"line":null,"column":-1}},"18":{"start":{"line":36,"column":19},"end":{"line":36,"column":0}},"19":{"start":{"line":37,"column":51},"end":{"line":36,"column":40}},"20":{"start":{"line":38,"column":2},"end":{"line":null,"column":-1}},"21":{"start":{"line":42,"column":83},"end":{"line":null,"column":-1}},"22":{"start":{"line":43,"column":69},"end":{"line":43,"column":68}},"23":{"start":{"line":43,"column":69},"end":{"line":null,"column":-1}},"24":{"start":{"line":63,"column":24},"end":{"line":63,"column":0}},"25":{"start":{"line":63,"column":24},"end":{"line":63,"column":23}},"26":{"start":{"line":63,"column":24},"end":{"line":null,"column":-1}},"27":{"start":{"line":72,"column":26},"end":{"line":null,"column":-1}},"28":{"start":{"line":78,"column":0},"end":{"line":null,"column":-1}},"29":{"start":{"line":88,"column":4},"end":{"line":null,"column":-1}},"30":{"start":{"line":91,"column":4},"end":{"line":null,"column":-1}},"31":{"start":{"line":92,"column":4},"end":{"line":94,"column":5}},"32":{"start":{"line":93,"column":6},"end":{"line":null,"column":-1}},"33":{"start":{"line":95,"column":4},"end":{"line":97,"column":5}},"34":{"start":{"line":96,"column":6},"end":{"line":null,"column":-1}},"35":{"start":{"line":99,"column":24},"end":{"line":null,"column":-1}},"36":{"start":{"line":100,"column":20},"end":{"line":99,"column":24}},"37":{"start":{"line":101,"column":4},"end":{"line":null,"column":-1}},"38":{"start":{"line":102,"column":4},"end":{"line":null,"column":-1}},"39":{"start":{"line":103,"column":6},"end":{"line":null,"column":-1}},"40":{"start":{"line":107,"column":21},"end":{"line":107,"column":4}},"41":{"start":{"line":108,"column":4},"end":{"line":null,"column":-1}},"42":{"start":{"line":112,"column":0},"end":{"line":null,"column":-1}},"43":{"start":{"line":123,"column":46},"end":{"line":123,"column":45}},"44":{"start":{"line":124,"column":22},"end":{"line":123,"column":46}},"45":{"start":{"line":125,"column":23},"end":{"line":125,"column":2}},"46":{"start":{"line":126,"column":20},"end":{"line":126,"column":2}},"47":{"start":{"line":127,"column":25},"end":{"line":127,"column":2}},"48":{"start":{"line":128,"column":2},"end":{"line":142,"column":3}},"49":{"start":{"line":129,"column":4},"end":{"line":null,"column":-1}},"50":{"start":{"line":130,"column":26},"end":{"line":130,"column":6}},"51":{"start":{"line":131,"column":6},"end":{"line":139,"column":7}},"52":{"start":{"line":132,"column":8},"end":{"line":null,"column":-1}},"53":{"start":{"line":133,"column":8},"end":{"line":null,"column":-1}},"54":{"start":{"line":134,"column":10},"end":{"line":136,"column":11}},"55":{"start":{"line":135,"column":12},"end":{"line":null,"column":-1}},"56":{"start":{"line":137,"column":10},"end":{"line":null,"column":-1}},"57":{"start":{"line":140,"column":6},"end":{"line":null,"column":-1}},"58":{"start":{"line":143,"column":2},"end":{"line":null,"column":-1}},"59":{"start":{"line":153,"column":2},"end":{"line":null,"column":-1}}},"fnMap":{"0":{"name":"FacetTitle","decl":{"start":{"line":11,"column":6},"end":{"line":11,"column":19}},"loc":{"start":{"line":11,"column":19},"end":{"line":11,"column":0}}},"1":{"name":"FacetBody","decl":{"start":{"line":18,"column":6},"end":{"line":18,"column":18}},"loc":{"start":{"line":18,"column":18},"end":{"line":18,"column":0}}},"2":{"name":"Facet","decl":{"start":{"line":22,"column":6},"end":{"line":22,"column":14}},"loc":{"start":{"line":22,"column":54},"end":{"line":22,"column":0}}},"3":{"name":"FacetGroup","decl":{"start":{"line":36,"column":6},"end":{"line":36,"column":19}},"loc":{"start":{"line":36,"column":40},"end":{"line":36,"column":0}}},"4":{"name":"onChange","decl":{"start":{"line":42,"column":83},"end":{"line":null,"column":-1}},"loc":{"start":{"line":42,"column":83},"end":{"line":42,"column":8}}},"5":{"name":"(anonymous_12)","decl":{"start":{"line":43,"column":69},"end":{"line":43,"column":105}},"loc":{"start":{"line":43,"column":69},"end":{"line":43,"column":52}}},"6":{"name":"FacetsComponent","decl":{"start":{"line":63,"column":6},"end":{"line":63,"column":24}},"loc":{"start":{"line":63,"column":24},"end":{"line":63,"column":0}}},"7":{"name":"(anonymous_14)","decl":{"start":{"line":72,"column":26},"end":{"line":null,"column":-1}},"loc":{"start":{"line":72,"column":26},"end":{"line":72,"column":15}}},"8":{"name":"(anonymous_20)","decl":{"start":{"line":102,"column":44},"end":{"line":102,"column":49}},"loc":{"start":{"line":102,"column":50},"end":{"line":102,"column":4}}},"9":{"name":"mapStateToProps","decl":{"start":{"line":123,"column":9},"end":{"line":123,"column":0}},"loc":{"start":{"line":123,"column":46},"end":{"line":150,"column":1}}},"10":{"name":"(anonymous_23)","decl":{"start":{"line":129,"column":16},"end":{"line":129,"column":24}},"loc":{"start":{"line":129,"column":25},"end":{"line":129,"column":4}}},"11":{"name":"(anonymous_24)","decl":{"start":{"line":133,"column":31},"end":{"line":133,"column":45}},"loc":{"start":{"line":133,"column":46},"end":{"line":133,"column":8}}},"12":{"name":"mapDispatchToProps","decl":{"start":{"line":152,"column":9},"end":{"line":152,"column":0}},"loc":{"start":{"line":152,"column":38},"end":{"line":157,"column":1}}}},"branchMap":{"0":{"loc":{"start":{"line":43,"column":11},"end":{"line":43,"column":26}},"type":"binary-expr","locations":[{"start":{"line":43,"column":11},"end":{"line":43,"column":26}},{"start":{"line":43,"column":27},"end":{"line":43,"column":11}},{"start":{"line":43,"column":52},"end":{"line":null,"column":-1}}]},"1":{"loc":{"start":{"line":65,"column":5},"end":{"line":66,"column":5}},"type":"binary-expr","locations":[{"start":{"line":65,"column":5},"end":{"line":66,"column":5}},{"start":{"line":66,"column":6},"end":{"line":64,"column":2}}]},"2":{"loc":{"start":{"line":68,"column":5},"end":{"line":68,"column":4}},"type":"binary-expr","locations":[{"start":{"line":68,"column":5},"end":{"line":68,"column":4}},{"start":{"line":69,"column":6},"end":{"line":68,"column":5}},{"start":{"line":70,"column":6},"end":{"line":68,"column":5}},{"start":{"line":71,"column":8},"end":{"line":null,"column":-1}}]},"3":{"loc":{"start":{"line":92,"column":4},"end":{"line":94,"column":5}},"type":"if","locations":[{"start":{"line":92,"column":4},"end":{"line":94,"column":5}},{"start":{"line":92,"column":4},"end":{"line":94,"column":5}}]},"4":{"loc":{"start":{"line":95,"column":4},"end":{"line":97,"column":5}},"type":"if","locations":[{"start":{"line":95,"column":4},"end":{"line":97,"column":5}},{"start":{"line":95,"column":4},"end":{"line":97,"column":5}}]},"5":{"loc":{"start":{"line":127,"column":36},"end":{"line":127,"column":35}},"type":"binary-expr","locations":[{"start":{"line":127,"column":36},"end":{"line":127,"column":35}},{"start":{"line":127,"column":80},"end":{"line":127,"column":25}}]},"6":{"loc":{"start":{"line":128,"column":2},"end":{"line":142,"column":3}},"type":"if","locations":[{"start":{"line":128,"column":2},"end":{"line":142,"column":3}},{"start":{"line":128,"column":2},"end":{"line":142,"column":3}}]},"7":{"loc":{"start":{"line":131,"column":6},"end":{"line":139,"column":7}},"type":"if","locations":[{"start":{"line":131,"column":6},"end":{"line":139,"column":7}},{"start":{"line":131,"column":6},"end":{"line":139,"column":7}}]},"8":{"loc":{"start":{"line":134,"column":10},"end":{"line":136,"column":11}},"type":"if","locations":[{"start":{"line":134,"column":10},"end":{"line":136,"column":11}},{"start":{"line":134,"column":10},"end":{"line":136,"column":11}}]}},"s":{"0":0,"1":0,"2":0,"3":0,"4":0,"5":0,"6":0,"7":0,"8":0,"9":0,"10":0,"11":0,"12":0,"13":0,"14":0,"15":0,"16":0,"17":0,"18":0,"19":0,"20":0,"21":0,"22":0,"23":0,"24":0,"25":0,"26":0,"27":0,"28":0,"29":0,"30":0,"31":0,"32":0,"33":0,"34":0,"35":0,"36":0,"37":0,"38":0,"39":0,"40":0,"41":0,"42":0,"43":0,"44":0,"45":0,"46":0,"47":0,"48":0,"49":0,"50":0,"51":0,"52":0,"53":0,"54":0,"55":0,"56":0,"57":0,"58":0,"59":0},"f":{"0":0,"1":0,"2":0,"3":0,"4":0,"5":0,"6":0,"7":0,"8":0,"9":0,"10":0,"11":0,"12":0},"b":{"0":[0,0,0],"1":[0,0],"2":[0,0,0,0],"3":[0,0],"4":[0,0],"5":[0,0],"6":[0,0],"7":[0,0],"8":[0,0]}}
,"/Users/pirman/Documents/git/nexus-search-webapp/src/components/Filters/Types.js": {"path":"/Users/pirman/Documents/git/nexus-search-webapp/src/components/Filters/Types.js","statementMap":{"0":{"start":{"line":1,"column":0},"end":{"line":null,"column":-1}},"1":{"start":{"line":2,"column":0},"end":{"line":null,"column":-1}},"2":{"start":{"line":3,"column":0},"end":{"line":null,"column":-1}},"3":{"start":{"line":4,"column":0},"end":{"line":null,"column":-1}},"4":{"start":{"line":5,"column":0},"end":{"line":null,"column":-1}},"5":{"start":{"line":6,"column":0},"end":{"line":null,"column":-1}},"6":{"start":{"line":7,"column":0},"end":{"line":null,"column":-1}},"7":{"start":{"line":8,"column":0},"end":{"line":null,"column":-1}},"8":{"start":{"line":11,"column":13},"end":{"line":11,"column":0}},"9":{"start":{"line":11,"column":89},"end":{"line":11,"column":88}},"10":{"start":{"line":12,"column":17},"end":{"line":12,"column":2}},"11":{"start":{"line":13,"column":2},"end":{"line":null,"column":-1}},"12":{"start":{"line":14,"column":68},"end":{"line":null,"column":-1}},"13":{"start":{"line":14,"column":103},"end":{"line":null,"column":-1}},"14":{"start":{"line":14,"column":134},"end":{"line":null,"column":-1}},"15":{"start":{"line":22,"column":23},"end":{"line":22,"column":0}},"16":{"start":{"line":22,"column":23},"end":{"line":22,"column":22}},"17":{"start":{"line":22,"column":23},"end":{"line":null,"column":-1}},"18":{"start":{"line":30,"column":16},"end":{"line":null,"column":-1}},"19":{"start":{"line":37,"column":0},"end":{"line":null,"column":-1}},"20":{"start":{"line":45,"column":21},"end":{"line":null,"column":-1}},"21":{"start":{"line":49,"column":4},"end":{"line":null,"column":-1}},"22":{"start":{"line":52,"column":4},"end":{"line":null,"column":-1}},"23":{"start":{"line":53,"column":4},"end":{"line":55,"column":5}},"24":{"start":{"line":54,"column":6},"end":{"line":null,"column":-1}},"25":{"start":{"line":58,"column":4},"end":{"line":null,"column":-1}},"26":{"start":{"line":61,"column":4},"end":{"line":null,"column":-1}},"27":{"start":{"line":64,"column":4},"end":{"line":null,"column":-1}},"28":{"start":{"line":67,"column":52},"end":{"line":66,"column":11}},"29":{"start":{"line":66,"column":11},"end":{"line":66,"column":10}},"30":{"start":{"line":68,"column":21},"end":{"line":68,"column":4}},"31":{"start":{"line":69,"column":25},"end":{"line":69,"column":4}},"32":{"start":{"line":70,"column":20},"end":{"line":70,"column":4}},"33":{"start":{"line":71,"column":4},"end":{"line":null,"column":-1}},"34":{"start":{"line":75,"column":0},"end":{"line":null,"column":-1}},"35":{"start":{"line":85,"column":55},"end":{"line":85,"column":54}},"36":{"start":{"line":86,"column":36},"end":{"line":85,"column":55}},"37":{"start":{"line":87,"column":20},"end":{"line":87,"column":2}},"38":{"start":{"line":88,"column":23},"end":{"line":88,"column":2}},"39":{"start":{"line":89,"column":2},"end":{"line":null,"column":-1}},"40":{"start":{"line":99,"column":2},"end":{"line":null,"column":-1}}},"fnMap":{"0":{"name":"Type","decl":{"start":{"line":11,"column":6},"end":{"line":11,"column":13}},"loc":{"start":{"line":11,"column":89},"end":{"line":11,"column":0}}},"1":{"name":"onMouseLeave","decl":{"start":{"line":14,"column":68},"end":{"line":null,"column":-1}},"loc":{"start":{"line":14,"column":68},"end":{"line":14,"column":6}}},"2":{"name":"onMouseEnter","decl":{"start":{"line":14,"column":103},"end":{"line":null,"column":-1}},"loc":{"start":{"line":14,"column":103},"end":{"line":14,"column":6}}},"3":{"name":"onClick","decl":{"start":{"line":14,"column":134},"end":{"line":null,"column":-1}},"loc":{"start":{"line":14,"column":134},"end":{"line":14,"column":6}}},"4":{"name":"TypesComponent","decl":{"start":{"line":22,"column":6},"end":{"line":22,"column":23}},"loc":{"start":{"line":22,"column":23},"end":{"line":22,"column":0}}},"5":{"name":"(anonymous_12)","decl":{"start":{"line":30,"column":16},"end":{"line":null,"column":-1}},"loc":{"start":{"line":30,"column":16},"end":{"line":30,"column":6}}},"6":{"name":"TypesContainer","decl":{"start":{"line":45,"column":2},"end":{"line":45,"column":13}},"loc":{"start":{"line":45,"column":21},"end":{"line":47,"column":3}}},"7":{"name":"mapStateToProps","decl":{"start":{"line":85,"column":9},"end":{"line":85,"column":0}},"loc":{"start":{"line":85,"column":55},"end":{"line":96,"column":1}}},"8":{"name":"mapDispatchToProps","decl":{"start":{"line":98,"column":9},"end":{"line":98,"column":0}},"loc":{"start":{"line":98,"column":38},"end":{"line":104,"column":1}}}},"branchMap":{"0":{"loc":{"start":{"line":12,"column":42},"end":{"line":12,"column":17}},"type":"cond-expr","locations":[{"start":{"line":12,"column":42},"end":{"line":12,"column":17}},{"start":{"line":12,"column":55},"end":{"line":12,"column":2}}]},"1":{"loc":{"start":{"line":15,"column":50},"end":{"line":15,"column":25}},"type":"cond-expr","locations":[{"start":{"line":15,"column":50},"end":{"line":15,"column":25}},{"start":{"line":15,"column":84},"end":{"line":15,"column":8}}]},"2":{"loc":{"start":{"line":28,"column":5},"end":{"line":28,"column":15}},"type":"binary-expr","locations":[{"start":{"line":28,"column":5},"end":{"line":28,"column":15}},{"start":{"line":28,"column":16},"end":{"line":23,"column":2}}]},"3":{"loc":{"start":{"line":29,"column":5},"end":{"line":30,"column":5}},"type":"binary-expr","locations":[{"start":{"line":29,"column":5},"end":{"line":30,"column":5}},{"start":{"line":30,"column":6},"end":{"line":23,"column":2}}]},"4":{"loc":{"start":{"line":45,"column":21},"end":{"line":46,"column":9}},"type":"binary-expr","locations":[{"start":{"line":45,"column":21},"end":{"line":46,"column":9}},{"start":{"line":45,"column":21},"end":{"line":46,"column":9}}]},"5":{"loc":{"start":{"line":53,"column":4},"end":{"line":55,"column":5}},"type":"if","locations":[{"start":{"line":53,"column":4},"end":{"line":55,"column":5}},{"start":{"line":53,"column":4},"end":{"line":55,"column":5}}]}},"s":{"0":0,"1":0,"2":0,"3":0,"4":0,"5":0,"6":0,"7":0,"8":0,"9":0,"10":0,"11":0,"12":0,"13":0,"14":0,"15":0,"16":0,"17":0,"18":0,"19":0,"20":0,"21":0,"22":0,"23":0,"24":0,"25":0,"26":0,"27":0,"28":0,"29":0,"30":0,"31":0,"32":0,"33":0,"34":0,"35":0,"36":0,"37":0,"38":0,"39":0,"40":0},"f":{"0":0,"1":0,"2":0,"3":0,"4":0,"5":0,"6":0,"7":0,"8":0},"b":{"0":[0,0],"1":[0,0],"2":[0,0],"3":[0,0],"4":[0,0],"5":[0,0]}}
,"/Users/pirman/Documents/git/nexus-search-webapp/src/store/actions/facetNormalizer.js": {"path":"/Users/pirman/Documents/git/nexus-search-webapp/src/store/actions/facetNormalizer.js","statementMap":{"0":{"start":{"line":3,"column":23},"end":{"line":3,"column":26}},"1":{"start":{"line":6,"column":2},"end":{"line":27,"column":6}},"2":{"start":{"line":7,"column":18},"end":{"line":7,"column":58}},"3":{"start":{"line":8,"column":24},"end":{"line":8,"column":30}},"4":{"start":{"line":9,"column":19},"end":{"line":9,"column":58}},"5":{"start":{"line":10,"column":4},"end":{"line":26,"column":5}},"6":{"start":{"line":11,"column":6},"end":{"line":21,"column":7}},"7":{"start":{"line":15,"column":10},"end":{"line":19,"column":12}},"8":{"start":{"line":22,"column":11},"end":{"line":26,"column":5}},"9":{"start":{"line":23,"column":6},"end":{"line":23,"column":55}},"10":{"start":{"line":25,"column":6},"end":{"line":25,"column":18}},"11":{"start":{"line":31,"column":2},"end":{"line":32,"column":39}},"12":{"start":{"line":32,"column":20},"end":{"line":32,"column":37}}},"fnMap":{"0":{"name":"makeFacetsFromAggs","decl":{"start":{"line":5,"column":9},"end":{"line":5,"column":27}},"loc":{"start":{"line":5,"column":38},"end":{"line":28,"column":1}},"line":5},"1":{"name":"(anonymous_1)","decl":{"start":{"line":6,"column":44},"end":{"line":6,"column":45}},"loc":{"start":{"line":6,"column":51},"end":{"line":27,"column":3}},"line":6},"2":{"name":"(anonymous_2)","decl":{"start":{"line":14,"column":48},"end":{"line":14,"column":49}},"loc":{"start":{"line":14,"column":58},"end":{"line":20,"column":9}},"line":14},"3":{"name":"facetNormalizer","decl":{"start":{"line":30,"column":9},"end":{"line":30,"column":24}},"loc":{"start":{"line":30,"column":35},"end":{"line":33,"column":1}},"line":30},"4":{"name":"(anonymous_4)","decl":{"start":{"line":32,"column":10},"end":{"line":32,"column":11}},"loc":{"start":{"line":32,"column":20},"end":{"line":32,"column":37}},"line":32}},"branchMap":{"0":{"loc":{"start":{"line":7,"column":18},"end":{"line":7,"column":58}},"type":"cond-expr","locations":[{"start":{"line":7,"column":25},"end":{"line":7,"column":52}},{"start":{"line":7,"column":55},"end":{"line":7,"column":58}}],"line":7},"1":{"loc":{"start":{"line":10,"column":4},"end":{"line":26,"column":5}},"type":"if","locations":[{"start":{"line":10,"column":4},"end":{"line":26,"column":5}},{"start":{"line":10,"column":4},"end":{"line":26,"column":5}}],"line":10},"2":{"loc":{"start":{"line":10,"column":8},"end":{"line":10,"column":41}},"type":"binary-expr","locations":[{"start":{"line":10,"column":8},"end":{"line":10,"column":16}},{"start":{"line":10,"column":20},"end":{"line":10,"column":41}}],"line":10},"3":{"loc":{"start":{"line":22,"column":11},"end":{"line":26,"column":5}},"type":"if","locations":[{"start":{"line":22,"column":11},"end":{"line":26,"column":5}},{"start":{"line":22,"column":11},"end":{"line":26,"column":5}}],"line":22},"4":{"loc":{"start":{"line":22,"column":15},"end":{"line":22,"column":71}},"type":"binary-expr","locations":[{"start":{"line":22,"column":15},"end":{"line":22,"column":23}},{"start":{"line":22,"column":27},"end":{"line":22,"column":71}}],"line":22}},"s":{"0":1,"1":13,"2":34,"3":34,"4":34,"5":34,"6":14,"7":32,"8":20,"9":10,"10":10,"11":3,"12":11},"f":{"0":13,"1":34,"2":32,"3":3,"4":11},"b":{"0":[26,8],"1":[14,20],"2":[34,24],"3":[10,10],"4":[20,10]},"_coverageSchema":"332fd63041d2c1bcb487cc26dd0d5f7d97098a6c","hash":"093e9665f3bbb4fc39266744141e733935f9f9fe"}
,"/Users/pirman/Documents/git/nexus-search-webapp/src/store/actions/facets.js": {"path":"/Users/pirman/Documents/git/nexus-search-webapp/src/store/actions/facets.js","statementMap":{"0":{"start":{"line":1,"column":0},"end":{"line":null,"column":-1}},"1":{"start":{"line":2,"column":0},"end":{"line":null,"column":-1}},"2":{"start":{"line":3,"column":0},"end":{"line":null,"column":-1}},"3":{"start":{"line":13,"column":2},"end":{"line":null,"column":-1}},"4":{"start":{"line":14,"column":16},"end":{"line":14,"column":4}},"5":{"start":{"line":15,"column":25},"end":{"line":13,"column":33}},"6":{"start":{"line":16,"column":33},"end":{"line":13,"column":33}},"7":{"start":{"line":17,"column":22},"end":{"line":17,"column":4}},"8":{"start":{"line":18,"column":4},"end":{"line":null,"column":-1}},"9":{"start":{"line":20,"column":4},"end":{"line":null,"column":-1}},"10":{"start":{"line":22,"column":8},"end":{"line":24,"column":9}},"11":{"start":{"line":23,"column":10},"end":{"line":null,"column":-1}},"12":{"start":{"line":25,"column":8},"end":{"line":null,"column":-1}},"13":{"start":{"line":32,"column":8},"end":{"line":null,"column":-1}},"14":{"start":{"line":39,"column":8},"end":{"line":null,"column":-1}},"15":{"start":{"line":40,"column":8},"end":{"line":null,"column":-1}},"16":{"start":{"line":46,"column":2},"end":{"line":null,"column":-1}},"17":{"start":{"line":52,"column":2},"end":{"line":null,"column":-1}},"18":{"start":{"line":59,"column":2},"end":{"line":null,"column":-1}}},"fnMap":{"0":{"name":"fetchFacets","decl":{"start":{"line":12,"column":9},"end":{"line":12,"column":0}},"loc":{"start":{"line":12,"column":34},"end":{"line":43,"column":1}}},"1":{"name":"(anonymous_3)","decl":{"start":{"line":13,"column":9},"end":{"line":13,"column":9}},"loc":{"start":{"line":13,"column":33},"end":{"line":13,"column":2}}},"2":{"name":"(anonymous_4)","decl":{"start":{"line":21,"column":12},"end":{"line":21,"column":23}},"loc":{"start":{"line":21,"column":24},"end":{"line":20,"column":11}}},"3":{"name":"(anonymous_5)","decl":{"start":{"line":31,"column":12},"end":{"line":31,"column":23}},"loc":{"start":{"line":31,"column":24},"end":{"line":20,"column":11}}},"4":{"name":"(anonymous_6)","decl":{"start":{"line":38,"column":13},"end":{"line":38,"column":21}},"loc":{"start":{"line":38,"column":22},"end":{"line":20,"column":11}}},"5":{"name":"fetchFacetsStarted","decl":{"start":{"line":45,"column":9},"end":{"line":45,"column":0}},"loc":{"start":{"line":45,"column":30},"end":{"line":49,"column":1}}},"6":{"name":"fetchFacetsFulfilled","decl":{"start":{"line":51,"column":9},"end":{"line":51,"column":0}},"loc":{"start":{"line":51,"column":36},"end":{"line":56,"column":1}}},"7":{"name":"fetchFacetsFailed","decl":{"start":{"line":58,"column":9},"end":{"line":58,"column":0}},"loc":{"start":{"line":58,"column":34},"end":{"line":63,"column":1}}}},"branchMap":{"0":{"loc":{"start":{"line":22,"column":8},"end":{"line":24,"column":9}},"type":"if","locations":[{"start":{"line":22,"column":8},"end":{"line":24,"column":9}},{"start":{"line":22,"column":8},"end":{"line":24,"column":9}}]}},"s":{"0":0,"1":0,"2":0,"3":0,"4":0,"5":0,"6":0,"7":0,"8":0,"9":0,"10":0,"11":0,"12":0,"13":0,"14":0,"15":0,"16":0,"17":0,"18":0},"f":{"0":0,"1":0,"2":0,"3":0,"4":0,"5":0,"6":0,"7":0},"b":{"0":[0,0]}}
,"/Users/pirman/Documents/git/nexus-search-webapp/src/store/actions/navigate.js": {"path":"/Users/pirman/Documents/git/nexus-search-webapp/src/store/actions/navigate.js","statementMap":{"0":{"start":{"line":1,"column":0},"end":{"line":null,"column":-1}},"1":{"start":{"line":2,"column":0},"end":{"line":null,"column":-1}},"2":{"start":{"line":3,"column":0},"end":{"line":null,"column":-1}},"3":{"start":{"line":4,"column":0},"end":{"line":null,"column":-1}},"4":{"start":{"line":5,"column":0},"end":{"line":null,"column":-1}},"5":{"start":{"line":7,"column":20},"end":{"line":7,"column":0}},"6":{"start":{"line":7,"column":59},"end":{"line":7,"column":58}},"7":{"start":{"line":8,"column":2},"end":{"line":null,"column":-1}},"8":{"start":{"line":9,"column":22},"end":{"line":8,"column":33}},"9":{"start":{"line":8,"column":33},"end":{"line":8,"column":32}},"10":{"start":{"line":10,"column":15},"end":{"line":10,"column":4}},"11":{"start":{"line":12,"column":6},"end":{"line":11,"column":4}},"12":{"start":{"line":15,"column":6},"end":{"line":14,"column":4}},"13":{"start":{"line":18,"column":6},"end":{"line":17,"column":4}},"14":{"start":{"line":19,"column":28},"end":{"line":19,"column":4}},"15":{"start":{"line":20,"column":22},"end":{"line":20,"column":4}},"16":{"start":{"line":21,"column":4},"end":{"line":23,"column":5}},"17":{"start":{"line":22,"column":6},"end":{"line":null,"column":-1}},"18":{"start":{"line":24,"column":4},"end":{"line":null,"column":-1}},"19":{"start":{"line":28,"column":17},"end":{"line":28,"column":0}},"20":{"start":{"line":29,"column":2},"end":{"line":null,"column":-1}},"21":{"start":{"line":30,"column":21},"end":{"line":30,"column":4}},"22":{"start":{"line":31,"column":4},"end":{"line":null,"column":-1}},"23":{"start":{"line":35,"column":19},"end":{"line":35,"column":0}},"24":{"start":{"line":36,"column":2},"end":{"line":null,"column":-1}},"25":{"start":{"line":37,"column":21},"end":{"line":37,"column":4}},"26":{"start":{"line":38,"column":4},"end":{"line":null,"column":-1}},"27":{"start":{"line":42,"column":23},"end":{"line":42,"column":0}},"28":{"start":{"line":43,"column":2},"end":{"line":null,"column":-1}},"29":{"start":{"line":44,"column":4},"end":{"line":null,"column":-1}},"30":{"start":{"line":48,"column":15},"end":{"line":48,"column":0}},"31":{"start":{"line":49,"column":2},"end":{"line":null,"column":-1}},"32":{"start":{"line":50,"column":21},"end":{"line":50,"column":4}},"33":{"start":{"line":51,"column":18},"end":{"line":51,"column":4}},"34":{"start":{"line":54,"column":25},"end":{"line":54,"column":4}},"35":{"start":{"line":55,"column":4},"end":{"line":57,"column":5}},"36":{"start":{"line":56,"column":6},"end":{"line":null,"column":-1}},"37":{"start":{"line":58,"column":4},"end":{"line":null,"column":-1}},"38":{"start":{"line":59,"column":19},"end":{"line":59,"column":4}},"39":{"start":{"line":60,"column":4},"end":{"line":null,"column":-1}},"40":{"start":{"line":64,"column":24},"end":{"line":64,"column":0}},"41":{"start":{"line":65,"column":2},"end":{"line":null,"column":-1}},"42":{"start":{"line":66,"column":24},"end":{"line":65,"column":33}},"43":{"start":{"line":65,"column":33},"end":{"line":65,"column":32}},"44":{"start":{"line":67,"column":24},"end":{"line":67,"column":4}},"45":{"start":{"line":68,"column":4},"end":{"line":70,"column":5}},"46":{"start":{"line":69,"column":6},"end":{"line":null,"column":-1}},"47":{"start":{"line":74,"column":24},"end":{"line":74,"column":0}},"48":{"start":{"line":75,"column":2},"end":{"line":null,"column":-1}},"49":{"start":{"line":76,"column":2},"end":{"line":null,"column":-1}}},"fnMap":{"0":{"name":"updateQuery","decl":{"start":{"line":7,"column":6},"end":{"line":7,"column":20}},"loc":{"start":{"line":7,"column":59},"end":{"line":7,"column":0}}},"1":{"name":"(anonymous_3)","decl":{"start":{"line":8,"column":9},"end":{"line":8,"column":9}},"loc":{"start":{"line":8,"column":33},"end":{"line":8,"column":2}}},"2":{"name":"navigate","decl":{"start":{"line":28,"column":6},"end":{"line":28,"column":17}},"loc":{"start":{"line":28,"column":24},"end":{"line":28,"column":0}}},"3":{"name":"(anonymous_5)","decl":{"start":{"line":29,"column":9},"end":{"line":29,"column":9}},"loc":{"start":{"line":29,"column":33},"end":{"line":29,"column":2}}},"4":{"name":"goToSearch","decl":{"start":{"line":35,"column":6},"end":{"line":35,"column":19}},"loc":{"start":{"line":35,"column":28},"end":{"line":35,"column":0}}},"5":{"name":"(anonymous_7)","decl":{"start":{"line":36,"column":9},"end":{"line":36,"column":9}},"loc":{"start":{"line":36,"column":33},"end":{"line":36,"column":2}}},"6":{"name":"goToEntityByID","decl":{"start":{"line":42,"column":6},"end":{"line":42,"column":23}},"loc":{"start":{"line":42,"column":29},"end":{"line":42,"column":0}}},"7":{"name":"(anonymous_9)","decl":{"start":{"line":43,"column":9},"end":{"line":43,"column":9}},"loc":{"start":{"line":43,"column":23},"end":{"line":43,"column":2}}},"8":{"name":"goDown","decl":{"start":{"line":48,"column":6},"end":{"line":48,"column":15}},"loc":{"start":{"line":48,"column":21},"end":{"line":48,"column":0}}},"9":{"name":"(anonymous_11)","decl":{"start":{"line":49,"column":9},"end":{"line":49,"column":9}},"loc":{"start":{"line":49,"column":33},"end":{"line":49,"column":2}}},"10":{"name":"reconcileRoutes","decl":{"start":{"line":64,"column":6},"end":{"line":64,"column":24}},"loc":{"start":{"line":64,"column":30},"end":{"line":64,"column":0}}},"11":{"name":"(anonymous_13)","decl":{"start":{"line":65,"column":9},"end":{"line":65,"column":9}},"loc":{"start":{"line":65,"column":33},"end":{"line":65,"column":2}}},"12":{"name":"fetchListFailed","decl":{"start":{"line":74,"column":6},"end":{"line":74,"column":24}},"loc":{"start":{"line":74,"column":43},"end":{"line":74,"column":0}}}},"branchMap":{"0":{"loc":{"start":{"line":13,"column":6},"end":{"line":12,"column":6}},"type":"cond-expr","locations":[{"start":{"line":13,"column":6},"end":{"line":12,"column":6}},{"start":{"line":13,"column":44},"end":{"line":11,"column":4}}]},"1":{"loc":{"start":{"line":16,"column":6},"end":{"line":15,"column":6}},"type":"cond-expr","locations":[{"start":{"line":16,"column":6},"end":{"line":15,"column":6}},{"start":{"line":16,"column":49},"end":{"line":14,"column":4}}]},"2":{"loc":{"start":{"line":16,"column":67},"end":{"line":16,"column":49}},"type":"cond-expr","locations":[{"start":{"line":16,"column":67},"end":{"line":16,"column":49}},{"start":{"line":16,"column":92},"end":{"line":14,"column":4}}]},"3":{"loc":{"start":{"line":18,"column":27},"end":{"line":18,"column":6}},"type":"cond-expr","locations":[{"start":{"line":18,"column":27},"end":{"line":18,"column":6}},{"start":{"line":18,"column":68},"end":{"line":17,"column":4}}]},"4":{"loc":{"start":{"line":21,"column":4},"end":{"line":23,"column":5}},"type":"if","locations":[{"start":{"line":21,"column":4},"end":{"line":23,"column":5}},{"start":{"line":21,"column":4},"end":{"line":23,"column":5}}]},"5":{"loc":{"start":{"line":30,"column":21},"end":{"line":30,"column":20}},"type":"binary-expr","locations":[{"start":{"line":30,"column":21},"end":{"line":30,"column":20}},{"start":{"line":30,"column":61},"end":{"line":30,"column":4}}]},"6":{"loc":{"start":{"line":37,"column":21},"end":{"line":37,"column":20}},"type":"binary-expr","locations":[{"start":{"line":37,"column":21},"end":{"line":37,"column":20}},{"start":{"line":37,"column":61},"end":{"line":37,"column":4}}]},"7":{"loc":{"start":{"line":55,"column":4},"end":{"line":57,"column":5}},"type":"if","locations":[{"start":{"line":55,"column":4},"end":{"line":57,"column":5}},{"start":{"line":55,"column":4},"end":{"line":57,"column":5}}]},"8":{"loc":{"start":{"line":68,"column":4},"end":{"line":70,"column":5}},"type":"if","locations":[{"start":{"line":68,"column":4},"end":{"line":70,"column":5}},{"start":{"line":68,"column":4},"end":{"line":70,"column":5}}]}},"s":{"0":0,"1":0,"2":0,"3":0,"4":0,"5":0,"6":0,"7":0,"8":0,"9":0,"10":0,"11":0,"12":0,"13":0,"14":0,"15":0,"16":0,"17":0,"18":0,"19":0,"20":0,"21":0,"22":0,"23":0,"24":0,"25":0,"26":0,"27":0,"28":0,"29":0,"30":0,"31":0,"32":0,"33":0,"34":0,"35":0,"36":0,"37":0,"38":0,"39":0,"40":0,"41":0,"42":0,"43":0,"44":0,"45":0,"46":0,"47":0,"48":0,"49":0},"f":{"0":0,"1":0,"2":0,"3":0,"4":0,"5":0,"6":0,"7":0,"8":0,"9":0,"10":0,"11":0,"12":0},"b":{"0":[0,0],"1":[0,0],"2":[0,0],"3":[0,0],"4":[0,0],"5":[0,0],"6":[0,0],"7":[0,0],"8":[0,0]}}
,"/Users/pirman/Documents/git/nexus-search-webapp/src/store/actions/__snapshots__/facetNormalizer.test.js.snap": {"path":"/Users/pirman/Documents/git/nexus-search-webapp/src/store/actions/__snapshots__/facetNormalizer.test.js.snap","statementMap":{"0":{"start":{"line":3,"column":0},"end":{"line":38,"column":2}},"1":{"start":{"line":40,"column":0},"end":{"line":213,"column":2}},"2":{"start":{"line":215,"column":0},"end":{"line":260,"column":2}}},"fnMap":{},"branchMap":{},"s":{"0":0,"1":0,"2":0},"f":{},"b":{}}
}
