{"/Users/pirman/Documents/git/nexus-search-webapp/server/routes.js": {"path":"/Users/pirman/Documents/git/nexus-search-webapp/server/routes.js","statementMap":{"0":{"start":{"line":1,"column":0},"end":{"line":null,"column":-1}},"1":{"start":{"line":2,"column":0},"end":{"line":null,"column":-1}},"2":{"start":{"line":4,"column":44},"end":{"line":null,"column":-1}},"3":{"start":{"line":5,"column":2},"end":{"line":null,"column":-1}},"4":{"start":{"line":6,"column":4},"end":{"line":null,"column":-1}},"5":{"start":{"line":6,"column":32},"end":{"line":null,"column":-1}},"6":{"start":{"line":7,"column":11},"end":{"line":6,"column":32}},"7":{"start":{"line":7,"column":18},"end":{"line":6,"column":32}},"8":{"start":{"line":9,"column":8},"end":{"line":null,"column":-1}}},"fnMap":{"0":{"name":"generateRoutes","decl":{"start":{"line":4,"column":24},"end":{"line":4,"column":15}},"loc":{"start":{"line":4,"column":44},"end":{"line":15,"column":1}}},"1":{"name":"(anonymous_11)","decl":{"start":{"line":5,"column":37},"end":{"line":5,"column":52}},"loc":{"start":{"line":5,"column":53},"end":{"line":5,"column":2}}},"2":{"name":"(anonymous_12)","decl":{"start":{"line":6,"column":4},"end":{"line":null,"column":-1}},"loc":{"start":{"line":6,"column":4},"end":{"line":null,"column":-1}}},"3":{"name":"_callee","decl":{"start":{"line":6,"column":32},"end":{"line":6,"column":38}},"loc":{"start":{"line":6,"column":32},"end":{"line":6,"column":4}}},"4":{"name":"_callee$","decl":{"start":{"line":6,"column":32},"end":{"line":null,"column":-1}},"loc":{"start":{"line":6,"column":32},"end":{"line":null,"column":-1}}}},"branchMap":{"0":{"loc":{"start":{"line":6,"column":32},"end":{"line":null,"column":-1}},"type":"switch","locations":[{"start":{"line":6,"column":32},"end":{"line":null,"column":-1}},{"start":{"line":6,"column":32},"end":{"line":null,"column":-1}},{"start":{"line":6,"column":32},"end":{"line":null,"column":-1}},{"start":{"line":6,"column":32},"end":{"line":null,"column":-1}},{"start":{"line":6,"column":32},"end":{"line":null,"column":-1}}]},"1":{"loc":{"start":{"line":6,"column":32},"end":{"line":null,"column":-1}},"type":"if","locations":[{"start":{"line":6,"column":32},"end":{"line":null,"column":-1}},{"start":{"line":6,"column":32},"end":{"line":null,"column":-1}}]}},"s":{"0":0,"1":0,"2":0,"3":0,"4":0,"5":0,"6":0,"7":0,"8":0},"f":{"0":0,"1":0,"2":0,"3":0,"4":0},"b":{"0":[0,0,0,0,0],"1":[0,0]}}
,"/Users/pirman/Documents/git/nexus-search-webapp/server/elastic-search/docs/query-builder.js": {"path":"/Users/pirman/Documents/git/nexus-search-webapp/server/elastic-search/docs/query-builder.js","statementMap":{"0":{"start":{"line":8,"column":15},"end":{"line":14,"column":3}},"1":{"start":{"line":15,"column":28},"end":{"line":15,"column":33}},"2":{"start":{"line":16,"column":2},"end":{"line":22,"column":3}},"3":{"start":{"line":17,"column":4},"end":{"line":21,"column":7}},"4":{"start":{"line":23,"column":2},"end":{"line":27,"column":3}},"5":{"start":{"line":24,"column":4},"end":{"line":26,"column":7}},"6":{"start":{"line":28,"column":2},"end":{"line":63,"column":3}},"7":{"start":{"line":29,"column":4},"end":{"line":29,"column":32}},"8":{"start":{"line":31,"column":15},"end":{"line":57,"column":6}},"9":{"start":{"line":32,"column":6},"end":{"line":32,"column":43}},"10":{"start":{"line":34,"column":19},"end":{"line":37,"column":8}},"11":{"start":{"line":35,"column":27},"end":{"line":35,"column":39}},"12":{"start":{"line":36,"column":8},"end":{"line":36,"column":56}},"13":{"start":{"line":39,"column":17},"end":{"line":39,"column":31}},"14":{"start":{"line":40,"column":6},"end":{"line":40,"column":34}},"15":{"start":{"line":41,"column":6},"end":{"line":56,"column":13}},"16":{"start":{"line":42,"column":8},"end":{"line":54,"column":9}},"17":{"start":{"line":43,"column":10},"end":{"line":46,"column":12}},"18":{"start":{"line":48,"column":10},"end":{"line":53,"column":11}},"19":{"start":{"line":55,"column":8},"end":{"line":55,"column":20}},"20":{"start":{"line":58,"column":4},"end":{"line":62,"column":7}},"21":{"start":{"line":64,"column":2},"end":{"line":64,"column":59}},"22":{"start":{"line":65,"column":2},"end":{"line":65,"column":15}}},"fnMap":{"0":{"name":"makeDocsQuery","decl":{"start":{"line":7,"column":9},"end":{"line":7,"column":22}},"loc":{"start":{"line":7,"column":30},"end":{"line":66,"column":1}},"line":7},"1":{"name":"(anonymous_1)","decl":{"start":{"line":31,"column":39},"end":{"line":31,"column":40}},"loc":{"start":{"line":31,"column":46},"end":{"line":57,"column":5}},"line":31},"2":{"name":"(anonymous_2)","decl":{"start":{"line":34,"column":35},"end":{"line":34,"column":36}},"loc":{"start":{"line":34,"column":49},"end":{"line":37,"column":7}},"line":34},"3":{"name":"(anonymous_3)","decl":{"start":{"line":41,"column":35},"end":{"line":41,"column":36}},"loc":{"start":{"line":41,"column":59},"end":{"line":56,"column":7}},"line":41}},"branchMap":{"0":{"loc":{"start":{"line":16,"column":2},"end":{"line":22,"column":3}},"type":"if","locations":[{"start":{"line":16,"column":2},"end":{"line":22,"column":3}},{"start":{"line":16,"column":2},"end":{"line":22,"column":3}}],"line":16},"1":{"loc":{"start":{"line":23,"column":2},"end":{"line":27,"column":3}},"type":"if","locations":[{"start":{"line":23,"column":2},"end":{"line":27,"column":3}},{"start":{"line":23,"column":2},"end":{"line":27,"column":3}}],"line":23},"2":{"loc":{"start":{"line":28,"column":2},"end":{"line":63,"column":3}},"type":"if","locations":[{"start":{"line":28,"column":2},"end":{"line":63,"column":3}},{"start":{"line":28,"column":2},"end":{"line":63,"column":3}}],"line":28},"3":{"loc":{"start":{"line":42,"column":8},"end":{"line":54,"column":9}},"type":"if","locations":[{"start":{"line":42,"column":8},"end":{"line":54,"column":9}},{"start":{"line":42,"column":8},"end":{"line":54,"column":9}}],"line":42}},"s":{"0":6,"1":6,"2":3,"3":3,"4":3,"5":2,"6":3,"7":2,"8":2,"9":2,"10":2,"11":2,"12":2,"13":2,"14":2,"15":2,"16":5,"17":2,"18":3,"19":5,"20":2,"21":3,"22":3},"f":{"0":6,"1":2,"2":2,"3":5},"b":{"0":[3,0],"1":[2,1],"2":[2,1],"3":[2,3]},"_coverageSchema":"332fd63041d2c1bcb487cc26dd0d5f7d97098a6c","hash":"380e0d8ae7a2fd6f686b1faed2c982f2b567386c"}
,"/Users/pirman/Documents/git/nexus-search-webapp/server/elastic-search/docs/__snapshots__/query-builder.test.js.snap": {"path":"/Users/pirman/Documents/git/nexus-search-webapp/server/elastic-search/docs/__snapshots__/query-builder.test.js.snap","statementMap":{"0":{"start":{"line":3,"column":0},"end":{"line":44,"column":2}},"1":{"start":{"line":46,"column":0},"end":{"line":87,"column":2}},"2":{"start":{"line":89,"column":0},"end":{"line":103,"column":2}}},"fnMap":{},"branchMap":{},"s":{"0":0,"1":0,"2":0},"f":{},"b":{}}
,"/Users/pirman/Documents/git/nexus-search-webapp/src/components/Filters/Facets.js": {"path":"/Users/pirman/Documents/git/nexus-search-webapp/src/components/Filters/Facets.js","statementMap":{"0":{"start":{"line":1,"column":0},"end":{"line":null,"column":-1}},"1":{"start":{"line":2,"column":0},"end":{"line":null,"column":-1}},"2":{"start":{"line":3,"column":0},"end":{"line":null,"column":-1}},"3":{"start":{"line":4,"column":0},"end":{"line":null,"column":-1}},"4":{"start":{"line":5,"column":0},"end":{"line":null,"column":-1}},"5":{"start":{"line":6,"column":0},"end":{"line":null,"column":-1}},"6":{"start":{"line":7,"column":0},"end":{"line":null,"column":-1}},"7":{"start":{"line":8,"column":0},"end":{"line":null,"column":-1}},"8":{"start":{"line":9,"column":22},"end":{"line":9,"column":0}},"9":{"start":{"line":11,"column":19},"end":{"line":11,"column":0}},"10":{"start":{"line":11,"column":19},"end":{"line":11,"column":18}},"11":{"start":{"line":11,"column":19},"end":{"line":null,"column":-1}},"12":{"start":{"line":18,"column":18},"end":{"line":18,"column":0}},"13":{"start":{"line":18,"column":18},"end":{"line":18,"column":17}},"14":{"start":{"line":18,"column":18},"end":{"line":null,"column":-1}},"15":{"start":{"line":22,"column":14},"end":{"line":22,"column":0}},"16":{"start":{"line":22,"column":54},"end":{"line":22,"column":53}},"17":{"start":{"line":23,"column":2},"end":{"line":null,"column":-1}},"18":{"start":{"line":36,"column":19},"end":{"line":36,"column":0}},"19":{"start":{"line":37,"column":51},"end":{"line":36,"column":40}},"20":{"start":{"line":38,"column":2},"end":{"line":null,"column":-1}},"21":{"start":{"line":42,"column":83},"end":{"line":null,"column":-1}},"22":{"start":{"line":43,"column":69},"end":{"line":43,"column":68}},"23":{"start":{"line":43,"column":69},"end":{"line":null,"column":-1}},"24":{"start":{"line":63,"column":24},"end":{"line":63,"column":0}},"25":{"start":{"line":63,"column":24},"end":{"line":63,"column":23}},"26":{"start":{"line":63,"column":24},"end":{"line":null,"column":-1}},"27":{"start":{"line":72,"column":26},"end":{"line":null,"column":-1}},"28":{"start":{"line":78,"column":0},"end":{"line":null,"column":-1}},"29":{"start":{"line":88,"column":4},"end":{"line":null,"column":-1}},"30":{"start":{"line":91,"column":4},"end":{"line":93,"column":5}},"31":{"start":{"line":92,"column":6},"end":{"line":null,"column":-1}},"32":{"start":{"line":94,"column":4},"end":{"line":96,"column":5}},"33":{"start":{"line":95,"column":6},"end":{"line":null,"column":-1}},"34":{"start":{"line":98,"column":24},"end":{"line":null,"column":-1}},"35":{"start":{"line":99,"column":20},"end":{"line":98,"column":24}},"36":{"start":{"line":100,"column":4},"end":{"line":null,"column":-1}},"37":{"start":{"line":101,"column":4},"end":{"line":null,"column":-1}},"38":{"start":{"line":102,"column":6},"end":{"line":null,"column":-1}},"39":{"start":{"line":106,"column":21},"end":{"line":106,"column":4}},"40":{"start":{"line":107,"column":4},"end":{"line":null,"column":-1}},"41":{"start":{"line":111,"column":0},"end":{"line":null,"column":-1}},"42":{"start":{"line":122,"column":46},"end":{"line":122,"column":45}},"43":{"start":{"line":123,"column":22},"end":{"line":122,"column":46}},"44":{"start":{"line":124,"column":23},"end":{"line":124,"column":2}},"45":{"start":{"line":125,"column":20},"end":{"line":125,"column":2}},"46":{"start":{"line":126,"column":25},"end":{"line":126,"column":2}},"47":{"start":{"line":127,"column":2},"end":{"line":141,"column":3}},"48":{"start":{"line":128,"column":4},"end":{"line":null,"column":-1}},"49":{"start":{"line":129,"column":26},"end":{"line":129,"column":6}},"50":{"start":{"line":130,"column":6},"end":{"line":138,"column":7}},"51":{"start":{"line":131,"column":8},"end":{"line":null,"column":-1}},"52":{"start":{"line":132,"column":8},"end":{"line":null,"column":-1}},"53":{"start":{"line":133,"column":10},"end":{"line":135,"column":11}},"54":{"start":{"line":134,"column":12},"end":{"line":null,"column":-1}},"55":{"start":{"line":136,"column":10},"end":{"line":null,"column":-1}},"56":{"start":{"line":139,"column":6},"end":{"line":null,"column":-1}},"57":{"start":{"line":142,"column":2},"end":{"line":null,"column":-1}},"58":{"start":{"line":152,"column":2},"end":{"line":null,"column":-1}}},"fnMap":{"0":{"name":"FacetTitle","decl":{"start":{"line":11,"column":6},"end":{"line":11,"column":19}},"loc":{"start":{"line":11,"column":19},"end":{"line":11,"column":0}}},"1":{"name":"FacetBody","decl":{"start":{"line":18,"column":6},"end":{"line":18,"column":18}},"loc":{"start":{"line":18,"column":18},"end":{"line":18,"column":0}}},"2":{"name":"Facet","decl":{"start":{"line":22,"column":6},"end":{"line":22,"column":14}},"loc":{"start":{"line":22,"column":54},"end":{"line":22,"column":0}}},"3":{"name":"FacetGroup","decl":{"start":{"line":36,"column":6},"end":{"line":36,"column":19}},"loc":{"start":{"line":36,"column":40},"end":{"line":36,"column":0}}},"4":{"name":"onChange","decl":{"start":{"line":42,"column":83},"end":{"line":null,"column":-1}},"loc":{"start":{"line":42,"column":83},"end":{"line":42,"column":8}}},"5":{"name":"(anonymous_12)","decl":{"start":{"line":43,"column":69},"end":{"line":43,"column":105}},"loc":{"start":{"line":43,"column":69},"end":{"line":43,"column":52}}},"6":{"name":"FacetsComponent","decl":{"start":{"line":63,"column":6},"end":{"line":63,"column":24}},"loc":{"start":{"line":63,"column":24},"end":{"line":63,"column":0}}},"7":{"name":"(anonymous_14)","decl":{"start":{"line":72,"column":26},"end":{"line":null,"column":-1}},"loc":{"start":{"line":72,"column":26},"end":{"line":72,"column":15}}},"8":{"name":"(anonymous_20)","decl":{"start":{"line":101,"column":44},"end":{"line":101,"column":49}},"loc":{"start":{"line":101,"column":50},"end":{"line":101,"column":4}}},"9":{"name":"mapStateToProps","decl":{"start":{"line":122,"column":9},"end":{"line":122,"column":0}},"loc":{"start":{"line":122,"column":46},"end":{"line":149,"column":1}}},"10":{"name":"(anonymous_23)","decl":{"start":{"line":128,"column":16},"end":{"line":128,"column":24}},"loc":{"start":{"line":128,"column":25},"end":{"line":128,"column":4}}},"11":{"name":"(anonymous_24)","decl":{"start":{"line":132,"column":31},"end":{"line":132,"column":45}},"loc":{"start":{"line":132,"column":46},"end":{"line":132,"column":8}}},"12":{"name":"mapDispatchToProps","decl":{"start":{"line":151,"column":9},"end":{"line":151,"column":0}},"loc":{"start":{"line":151,"column":38},"end":{"line":156,"column":1}}}},"branchMap":{"0":{"loc":{"start":{"line":43,"column":11},"end":{"line":43,"column":26}},"type":"binary-expr","locations":[{"start":{"line":43,"column":11},"end":{"line":43,"column":26}},{"start":{"line":43,"column":27},"end":{"line":43,"column":11}},{"start":{"line":43,"column":52},"end":{"line":null,"column":-1}}]},"1":{"loc":{"start":{"line":65,"column":5},"end":{"line":66,"column":5}},"type":"binary-expr","locations":[{"start":{"line":65,"column":5},"end":{"line":66,"column":5}},{"start":{"line":66,"column":6},"end":{"line":64,"column":2}}]},"2":{"loc":{"start":{"line":68,"column":5},"end":{"line":68,"column":4}},"type":"binary-expr","locations":[{"start":{"line":68,"column":5},"end":{"line":68,"column":4}},{"start":{"line":69,"column":6},"end":{"line":68,"column":5}},{"start":{"line":70,"column":6},"end":{"line":68,"column":5}},{"start":{"line":71,"column":8},"end":{"line":null,"column":-1}}]},"3":{"loc":{"start":{"line":91,"column":4},"end":{"line":93,"column":5}},"type":"if","locations":[{"start":{"line":91,"column":4},"end":{"line":93,"column":5}},{"start":{"line":91,"column":4},"end":{"line":93,"column":5}}]},"4":{"loc":{"start":{"line":94,"column":4},"end":{"line":96,"column":5}},"type":"if","locations":[{"start":{"line":94,"column":4},"end":{"line":96,"column":5}},{"start":{"line":94,"column":4},"end":{"line":96,"column":5}}]},"5":{"loc":{"start":{"line":126,"column":36},"end":{"line":126,"column":35}},"type":"binary-expr","locations":[{"start":{"line":126,"column":36},"end":{"line":126,"column":35}},{"start":{"line":126,"column":80},"end":{"line":126,"column":25}}]},"6":{"loc":{"start":{"line":127,"column":2},"end":{"line":141,"column":3}},"type":"if","locations":[{"start":{"line":127,"column":2},"end":{"line":141,"column":3}},{"start":{"line":127,"column":2},"end":{"line":141,"column":3}}]},"7":{"loc":{"start":{"line":130,"column":6},"end":{"line":138,"column":7}},"type":"if","locations":[{"start":{"line":130,"column":6},"end":{"line":138,"column":7}},{"start":{"line":130,"column":6},"end":{"line":138,"column":7}}]},"8":{"loc":{"start":{"line":133,"column":10},"end":{"line":135,"column":11}},"type":"if","locations":[{"start":{"line":133,"column":10},"end":{"line":135,"column":11}},{"start":{"line":133,"column":10},"end":{"line":135,"column":11}}]}},"s":{"0":0,"1":0,"2":0,"3":0,"4":0,"5":0,"6":0,"7":0,"8":0,"9":0,"10":0,"11":0,"12":0,"13":0,"14":0,"15":0,"16":0,"17":0,"18":0,"19":0,"20":0,"21":0,"22":0,"23":0,"24":0,"25":0,"26":0,"27":0,"28":0,"29":0,"30":0,"31":0,"32":0,"33":0,"34":0,"35":0,"36":0,"37":0,"38":0,"39":0,"40":0,"41":0,"42":0,"43":0,"44":0,"45":0,"46":0,"47":0,"48":0,"49":0,"50":0,"51":0,"52":0,"53":0,"54":0,"55":0,"56":0,"57":0,"58":0},"f":{"0":0,"1":0,"2":0,"3":0,"4":0,"5":0,"6":0,"7":0,"8":0,"9":0,"10":0,"11":0,"12":0},"b":{"0":[0,0,0],"1":[0,0],"2":[0,0,0,0],"3":[0,0],"4":[0,0],"5":[0,0],"6":[0,0],"7":[0,0],"8":[0,0]}}
,"/Users/pirman/Documents/git/nexus-search-webapp/src/components/Filters/Types.js": {"path":"/Users/pirman/Documents/git/nexus-search-webapp/src/components/Filters/Types.js","statementMap":{"0":{"start":{"line":1,"column":0},"end":{"line":null,"column":-1}},"1":{"start":{"line":2,"column":0},"end":{"line":null,"column":-1}},"2":{"start":{"line":3,"column":0},"end":{"line":null,"column":-1}},"3":{"start":{"line":4,"column":0},"end":{"line":null,"column":-1}},"4":{"start":{"line":5,"column":0},"end":{"line":null,"column":-1}},"5":{"start":{"line":6,"column":0},"end":{"line":null,"column":-1}},"6":{"start":{"line":7,"column":0},"end":{"line":null,"column":-1}},"7":{"start":{"line":8,"column":0},"end":{"line":null,"column":-1}},"8":{"start":{"line":11,"column":13},"end":{"line":11,"column":0}},"9":{"start":{"line":11,"column":89},"end":{"line":11,"column":88}},"10":{"start":{"line":12,"column":17},"end":{"line":12,"column":2}},"11":{"start":{"line":13,"column":2},"end":{"line":null,"column":-1}},"12":{"start":{"line":14,"column":68},"end":{"line":null,"column":-1}},"13":{"start":{"line":14,"column":103},"end":{"line":null,"column":-1}},"14":{"start":{"line":14,"column":134},"end":{"line":null,"column":-1}},"15":{"start":{"line":22,"column":23},"end":{"line":22,"column":0}},"16":{"start":{"line":22,"column":23},"end":{"line":22,"column":22}},"17":{"start":{"line":22,"column":23},"end":{"line":null,"column":-1}},"18":{"start":{"line":30,"column":16},"end":{"line":null,"column":-1}},"19":{"start":{"line":37,"column":0},"end":{"line":null,"column":-1}},"20":{"start":{"line":45,"column":21},"end":{"line":null,"column":-1}},"21":{"start":{"line":49,"column":4},"end":{"line":null,"column":-1}},"22":{"start":{"line":52,"column":4},"end":{"line":54,"column":5}},"23":{"start":{"line":53,"column":6},"end":{"line":null,"column":-1}},"24":{"start":{"line":57,"column":4},"end":{"line":null,"column":-1}},"25":{"start":{"line":60,"column":4},"end":{"line":null,"column":-1}},"26":{"start":{"line":63,"column":4},"end":{"line":null,"column":-1}},"27":{"start":{"line":66,"column":52},"end":{"line":65,"column":11}},"28":{"start":{"line":65,"column":11},"end":{"line":65,"column":10}},"29":{"start":{"line":67,"column":21},"end":{"line":67,"column":4}},"30":{"start":{"line":68,"column":25},"end":{"line":68,"column":4}},"31":{"start":{"line":69,"column":20},"end":{"line":69,"column":4}},"32":{"start":{"line":70,"column":4},"end":{"line":null,"column":-1}},"33":{"start":{"line":74,"column":0},"end":{"line":null,"column":-1}},"34":{"start":{"line":84,"column":55},"end":{"line":84,"column":54}},"35":{"start":{"line":85,"column":36},"end":{"line":84,"column":55}},"36":{"start":{"line":86,"column":20},"end":{"line":86,"column":2}},"37":{"start":{"line":87,"column":23},"end":{"line":87,"column":2}},"38":{"start":{"line":88,"column":2},"end":{"line":null,"column":-1}},"39":{"start":{"line":98,"column":2},"end":{"line":null,"column":-1}}},"fnMap":{"0":{"name":"Type","decl":{"start":{"line":11,"column":6},"end":{"line":11,"column":13}},"loc":{"start":{"line":11,"column":89},"end":{"line":11,"column":0}}},"1":{"name":"onMouseLeave","decl":{"start":{"line":14,"column":68},"end":{"line":null,"column":-1}},"loc":{"start":{"line":14,"column":68},"end":{"line":14,"column":6}}},"2":{"name":"onMouseEnter","decl":{"start":{"line":14,"column":103},"end":{"line":null,"column":-1}},"loc":{"start":{"line":14,"column":103},"end":{"line":14,"column":6}}},"3":{"name":"onClick","decl":{"start":{"line":14,"column":134},"end":{"line":null,"column":-1}},"loc":{"start":{"line":14,"column":134},"end":{"line":14,"column":6}}},"4":{"name":"TypesComponent","decl":{"start":{"line":22,"column":6},"end":{"line":22,"column":23}},"loc":{"start":{"line":22,"column":23},"end":{"line":22,"column":0}}},"5":{"name":"(anonymous_12)","decl":{"start":{"line":30,"column":16},"end":{"line":null,"column":-1}},"loc":{"start":{"line":30,"column":16},"end":{"line":30,"column":6}}},"6":{"name":"TypesContainer","decl":{"start":{"line":45,"column":2},"end":{"line":45,"column":13}},"loc":{"start":{"line":45,"column":21},"end":{"line":47,"column":3}}},"7":{"name":"mapStateToProps","decl":{"start":{"line":84,"column":9},"end":{"line":84,"column":0}},"loc":{"start":{"line":84,"column":55},"end":{"line":95,"column":1}}},"8":{"name":"mapDispatchToProps","decl":{"start":{"line":97,"column":9},"end":{"line":97,"column":0}},"loc":{"start":{"line":97,"column":38},"end":{"line":103,"column":1}}}},"branchMap":{"0":{"loc":{"start":{"line":12,"column":42},"end":{"line":12,"column":17}},"type":"cond-expr","locations":[{"start":{"line":12,"column":42},"end":{"line":12,"column":17}},{"start":{"line":12,"column":55},"end":{"line":12,"column":2}}]},"1":{"loc":{"start":{"line":15,"column":50},"end":{"line":15,"column":25}},"type":"cond-expr","locations":[{"start":{"line":15,"column":50},"end":{"line":15,"column":25}},{"start":{"line":15,"column":84},"end":{"line":15,"column":8}}]},"2":{"loc":{"start":{"line":28,"column":5},"end":{"line":28,"column":15}},"type":"binary-expr","locations":[{"start":{"line":28,"column":5},"end":{"line":28,"column":15}},{"start":{"line":28,"column":16},"end":{"line":23,"column":2}}]},"3":{"loc":{"start":{"line":29,"column":5},"end":{"line":30,"column":5}},"type":"binary-expr","locations":[{"start":{"line":29,"column":5},"end":{"line":30,"column":5}},{"start":{"line":30,"column":6},"end":{"line":23,"column":2}}]},"4":{"loc":{"start":{"line":45,"column":21},"end":{"line":46,"column":9}},"type":"binary-expr","locations":[{"start":{"line":45,"column":21},"end":{"line":46,"column":9}},{"start":{"line":45,"column":21},"end":{"line":46,"column":9}}]},"5":{"loc":{"start":{"line":52,"column":4},"end":{"line":54,"column":5}},"type":"if","locations":[{"start":{"line":52,"column":4},"end":{"line":54,"column":5}},{"start":{"line":52,"column":4},"end":{"line":54,"column":5}}]}},"s":{"0":0,"1":0,"2":0,"3":0,"4":0,"5":0,"6":0,"7":0,"8":0,"9":0,"10":0,"11":0,"12":0,"13":0,"14":0,"15":0,"16":0,"17":0,"18":0,"19":0,"20":0,"21":0,"22":0,"23":0,"24":0,"25":0,"26":0,"27":0,"28":0,"29":0,"30":0,"31":0,"32":0,"33":0,"34":0,"35":0,"36":0,"37":0,"38":0,"39":0},"f":{"0":0,"1":0,"2":0,"3":0,"4":0,"5":0,"6":0,"7":0,"8":0},"b":{"0":[0,0],"1":[0,0],"2":[0,0],"3":[0,0],"4":[0,0],"5":[0,0]}}
}
