TN:
SF:/Users/pirman/Documents/git/nexus-search-webapp/server/routes.js
FN:4,generateRoutes
FN:5,(anonymous_11)
FN:6,(anonymous_12)
FN:6,_callee
FN:6,_callee$
FNF:5
FNH:0
FNDA:0,generateRoutes
FNDA:0,(anonymous_11)
FNDA:0,(anonymous_12)
FNDA:0,_callee
FNDA:0,_callee$
DA:1,0
DA:2,0
DA:4,0
DA:5,0
DA:6,0
DA:7,0
DA:9,0
LF:7
LH:0
BRDA:6,0,0,0
BRDA:6,0,1,0
BRDA:6,0,2,0
BRDA:6,0,3,0
BRDA:6,0,4,0
BRDA:6,1,0,0
BRDA:6,1,1,0
BRF:7
BRH:0
end_of_record
TN:
SF:/Users/pirman/Documents/git/nexus-search-webapp/server/elastic-search/docs/query-builder.js
FN:7,makeDocsQuery
FN:31,(anonymous_1)
FN:34,(anonymous_2)
FN:41,(anonymous_3)
FNF:4
FNH:4
FNDA:6,makeDocsQuery
FNDA:2,(anonymous_1)
FNDA:2,(anonymous_2)
FNDA:5,(anonymous_3)
DA:8,6
DA:15,6
DA:16,3
DA:17,3
DA:23,3
DA:24,2
DA:28,3
DA:29,2
DA:31,2
DA:32,2
DA:34,2
DA:35,2
DA:36,2
DA:39,2
DA:40,2
DA:41,2
DA:42,5
DA:43,2
DA:48,3
DA:55,5
DA:58,2
DA:64,3
DA:65,3
LF:23
LH:23
BRDA:16,0,0,3
BRDA:16,0,1,0
BRDA:23,1,0,2
BRDA:23,1,1,1
BRDA:28,2,0,2
BRDA:28,2,1,1
BRDA:42,3,0,2
BRDA:42,3,1,3
BRF:8
BRH:7
end_of_record
TN:
SF:/Users/pirman/Documents/git/nexus-search-webapp/server/elastic-search/docs/__snapshots__/query-builder.test.js.snap
FNF:0
FNH:0
DA:3,0
DA:46,0
DA:89,0
LF:3
LH:0
BRF:0
BRH:0
end_of_record
TN:
SF:/Users/pirman/Documents/git/nexus-search-webapp/src/components/Filters/Facets.js
FN:11,FacetTitle
FN:18,FacetBody
FN:22,Facet
FN:36,FacetGroup
FN:42,onChange
FN:43,(anonymous_12)
FN:63,FacetsComponent
FN:72,(anonymous_14)
FN:101,(anonymous_20)
FN:122,mapStateToProps
FN:128,(anonymous_23)
FN:132,(anonymous_24)
FN:151,mapDispatchToProps
FNF:13
FNH:0
FNDA:0,FacetTitle
FNDA:0,FacetBody
FNDA:0,Facet
FNDA:0,FacetGroup
FNDA:0,onChange
FNDA:0,(anonymous_12)
FNDA:0,FacetsComponent
FNDA:0,(anonymous_14)
FNDA:0,(anonymous_20)
FNDA:0,mapStateToProps
FNDA:0,(anonymous_23)
FNDA:0,(anonymous_24)
FNDA:0,mapDispatchToProps
DA:1,0
DA:2,0
DA:3,0
DA:4,0
DA:5,0
DA:6,0
DA:7,0
DA:8,0
DA:9,0
DA:11,0
DA:18,0
DA:22,0
DA:23,0
DA:36,0
DA:37,0
DA:38,0
DA:42,0
DA:43,0
DA:63,0
DA:72,0
DA:78,0
DA:88,0
DA:91,0
DA:92,0
DA:94,0
DA:95,0
DA:98,0
DA:99,0
DA:100,0
DA:101,0
DA:102,0
DA:106,0
DA:107,0
DA:111,0
DA:122,0
DA:123,0
DA:124,0
DA:125,0
DA:126,0
DA:127,0
DA:128,0
DA:129,0
DA:130,0
DA:131,0
DA:132,0
DA:133,0
DA:134,0
DA:136,0
DA:139,0
DA:142,0
DA:152,0
LF:51
LH:0
BRDA:43,0,0,0
BRDA:43,0,1,0
BRDA:43,0,2,0
BRDA:65,1,0,0
BRDA:65,1,1,0
BRDA:68,2,0,0
BRDA:68,2,1,0
BRDA:68,2,2,0
BRDA:68,2,3,0
BRDA:91,3,0,0
BRDA:91,3,1,0
BRDA:94,4,0,0
BRDA:94,4,1,0
BRDA:126,5,0,0
BRDA:126,5,1,0
BRDA:127,6,0,0
BRDA:127,6,1,0
BRDA:130,7,0,0
BRDA:130,7,1,0
BRDA:133,8,0,0
BRDA:133,8,1,0
BRF:21
BRH:0
end_of_record
TN:
SF:/Users/pirman/Documents/git/nexus-search-webapp/src/components/Filters/Types.js
FN:11,Type
FN:14,onMouseLeave
FN:14,onMouseEnter
FN:14,onClick
FN:22,TypesComponent
FN:30,(anonymous_12)
FN:45,TypesContainer
FN:84,mapStateToProps
FN:97,mapDispatchToProps
FNF:9
FNH:0
FNDA:0,Type
FNDA:0,onMouseLeave
FNDA:0,onMouseEnter
FNDA:0,onClick
FNDA:0,TypesComponent
FNDA:0,(anonymous_12)
FNDA:0,TypesContainer
FNDA:0,mapStateToProps
FNDA:0,mapDispatchToProps
DA:1,0
DA:2,0
DA:3,0
DA:4,0
DA:5,0
DA:6,0
DA:7,0
DA:8,0
DA:11,0
DA:12,0
DA:13,0
DA:14,0
DA:22,0
DA:30,0
DA:37,0
DA:45,0
DA:49,0
DA:52,0
DA:53,0
DA:57,0
DA:60,0
DA:63,0
DA:65,0
DA:66,0
DA:67,0
DA:68,0
DA:69,0
DA:70,0
DA:74,0
DA:84,0
DA:85,0
DA:86,0
DA:87,0
DA:88,0
DA:98,0
LF:35
LH:0
BRDA:12,0,0,0
BRDA:12,0,1,0
BRDA:15,1,0,0
BRDA:15,1,1,0
BRDA:28,2,0,0
BRDA:28,2,1,0
BRDA:29,3,0,0
BRDA:29,3,1,0
BRDA:45,4,0,0
BRDA:45,4,1,0
BRDA:52,5,0,0
BRDA:52,5,1,0
BRF:12
BRH:0
end_of_record
