TN:
SF:/Users/pirman/Documents/git/nexus-search-webapp/coverage/lcov-report/block-navigation.js
FN:1,init
FN:16,toggleClass
FN:21,makeCurrent
FN:28,goToPrevious
FN:39,goToNext
FN:49,jump
FNF:6
FNH:0
FNDA:0,init
FNDA:0,toggleClass
FNDA:0,makeCurrent
FNDA:0,goToPrevious
FNDA:0,goToNext
FNDA:0,jump
DA:1,0
DA:3,0
DA:6,0
DA:9,0
DA:12,0
DA:17,0
DA:18,0
DA:22,0
DA:23,0
DA:24,0
DA:29,0
DA:30,0
DA:31,0
DA:32,0
DA:33,0
DA:36,0
DA:40,0
DA:42,0
DA:43,0
DA:46,0
DA:49,0
DA:50,0
DA:53,0
DA:54,0
DA:58,0
DA:59,0
DA:63,0
LF:27
LH:0
BRDA:30,0,0,0
BRDA:30,0,1,0
BRDA:30,1,0,0
BRDA:30,1,1,0
BRDA:32,2,0,0
BRDA:32,2,1,0
BRDA:42,3,0,0
BRDA:42,3,1,0
BRDA:42,4,0,0
BRDA:42,4,1,0
BRDA:51,5,0,0
BRDA:51,5,1,0
BRDA:51,5,2,0
BRDA:51,5,3,0
BRDA:51,5,4,0
BRF:15
BRH:0
end_of_record
TN:
SF:/Users/pirman/Documents/git/nexus-search-webapp/server/config.js
FNF:0
FNH:0
DA:1,0
DA:2,0
DA:3,0
DA:5,0
DA:6,0
DA:10,0
DA:11,0
LF:7
LH:0
BRDA:5,0,0,0
BRDA:5,0,1,0
BRDA:10,1,0,0
BRDA:10,1,1,0
BRF:4
BRH:0
end_of_record
TN:
SF:/Users/pirman/Documents/git/nexus-search-webapp/server/index.js
FN:13,(anonymous_1)
FNF:1
FNH:0
FNDA:0,(anonymous_1)
DA:1,0
DA:2,0
DA:3,0
DA:4,0
DA:6,0
DA:8,0
DA:9,0
DA:11,0
DA:14,0
LF:9
LH:0
BRDA:12,0,0,0
BRDA:12,0,1,0
BRDA:12,0,2,0
BRF:3
BRH:0
end_of_record
TN:
SF:/Users/pirman/Documents/git/nexus-search-webapp/server/routes.js
FN:4,generateRoutes
FN:5,(anonymous_11)
FN:6,(anonymous_12)
FN:6,_callee
FN:6,_callee$
FNF:5
FNH:0
FNDA:0,generateRoutes
FNDA:0,(anonymous_11)
FNDA:0,(anonymous_12)
FNDA:0,_callee
FNDA:0,_callee$
DA:1,0
DA:2,0
DA:4,0
DA:5,0
DA:6,0
DA:7,0
DA:9,0
LF:7
LH:0
BRDA:6,0,0,0
BRDA:6,0,1,0
BRDA:6,0,2,0
BRDA:6,0,3,0
BRDA:6,0,4,0
BRDA:6,1,0,0
BRDA:6,1,1,0
BRF:7
BRH:0
end_of_record
TN:
SF:/Users/pirman/Documents/git/nexus-search-webapp/server/elastic-search/errors.js
FN:3,(anonymous_0)
FN:11,(anonymous_1)
FNF:2
FNH:2
FNDA:2,(anonymous_0)
FNDA:2,(anonymous_1)
DA:4,2
DA:5,2
DA:12,2
DA:13,2
LF:4
LH:4
BRF:0
BRH:0
end_of_record
TN:
SF:/Users/pirman/Documents/git/nexus-search-webapp/server/elastic-search/index.js
FNF:0
FNH:0
DA:1,0
DA:2,0
DA:3,0
DA:4,0
DA:5,0
DA:6,0
DA:8,0
DA:9,0
DA:13,0
LF:9
LH:0
BRF:0
BRH:0
end_of_record
TN:
SF:/Users/pirman/Documents/git/nexus-search-webapp/server/elastic-search/queryFactory.js
FN:4,(anonymous_0)
FN:5,(anonymous_1)
FN:21,queryFactory
FN:34,fetchQuery
FNF:4
FNH:4
FNDA:5,(anonymous_0)
FNDA:4,(anonymous_1)
FNDA:8,queryFactory
FNDA:9,fetchQuery
DA:4,5
DA:5,4
DA:6,1
DA:34,8
DA:36,9
DA:37,9
DA:38,7
DA:45,7
DA:46,7
DA:47,5
LF:10
LH:10
BRDA:24,0,0,5
BRDA:25,1,0,7
BRDA:34,2,0,9
BRDA:37,3,0,2
BRDA:37,3,1,7
BRDA:46,4,0,2
BRDA:46,4,1,5
BRF:7
BRH:7
end_of_record
TN:
SF:/Users/pirman/Documents/git/nexus-search-webapp/server/elastic-search/__snapshots__/queryFactory.test.js.snap
FNF:0
FNH:0
DA:3,0
LF:1
LH:0
BRF:0
BRH:0
end_of_record
TN:
SF:/Users/pirman/Documents/git/nexus-search-webapp/server/elastic-search/docs/index.js
FN:5,normalizer
FNF:1
FNH:0
FNDA:0,normalizer
DA:1,0
DA:5,0
LF:2
LH:0
BRF:0
BRH:0
end_of_record
TN:
SF:/Users/pirman/Documents/git/nexus-search-webapp/server/elastic-search/docs/query-builder.js
FN:12,makeDocsQuery
FN:37,(anonymous_2)
FN:39,(anonymous_3)
FNF:3
FNH:0
FNDA:0,makeDocsQuery
FNDA:0,(anonymous_2)
FNDA:0,(anonymous_3)
DA:1,0
DA:13,0
DA:20,0
DA:21,0
DA:22,0
DA:28,0
DA:29,0
DA:33,0
DA:34,0
DA:35,0
DA:37,0
DA:39,0
DA:40,0
DA:42,0
DA:43,0
DA:45,0
DA:46,0
DA:63,0
DA:74,0
DA:80,0
LF:20
LH:0
BRDA:21,0,0,0
BRDA:21,0,1,0
BRDA:28,1,0,0
BRDA:28,1,1,0
BRDA:33,2,0,0
BRDA:33,2,1,0
BRDA:42,3,0,0
BRDA:42,3,1,0
BRDA:45,4,0,0
BRDA:45,4,1,0
BRF:10
BRH:0
end_of_record
TN:
SF:/Users/pirman/Documents/git/nexus-search-webapp/server/elastic-search/facets/index.js
FN:5,normalizer
FNF:1
FNH:0
FNDA:0,normalizer
DA:1,0
DA:5,0
LF:2
LH:0
BRF:0
BRH:0
end_of_record
TN:
SF:/Users/pirman/Documents/git/nexus-search-webapp/server/elastic-search/facets/mappings-to-aggs.js
FN:10,mappingToArgs
FN:12,(anonymous_1)
FN:13,(anonymous_2)
FN:17,(anonymous_3)
FNF:4
FNH:4
FNDA:5,mappingToArgs
FNDA:6,(anonymous_1)
FNDA:6,(anonymous_2)
FNDA:15,(anonymous_3)
DA:11,5
DA:12,6
DA:14,6
DA:15,6
DA:16,6
DA:18,15
DA:19,15
DA:20,9
DA:21,9
DA:22,9
DA:29,15
DA:31,6
DA:32,1
DA:34,6
DA:40,6
LF:15
LH:15
BRDA:15,0,0,1
BRDA:15,0,1,5
BRDA:19,1,0,9
BRDA:19,1,1,6
BRDA:31,2,0,1
BRDA:31,2,1,5
BRF:6
BRH:6
end_of_record
TN:
SF:/Users/pirman/Documents/git/nexus-search-webapp/server/elastic-search/facets/query-builder.js
FN:3,_callee$
FN:18,_callee2$
FNF:2
FNH:0
FNDA:0,_callee$
FNDA:0,_callee2$
DA:1,0
DA:3,0
DA:4,0
DA:8,0
DA:18,0
DA:19,0
DA:27,0
DA:28,0
DA:34,0
DA:35,0
LF:10
LH:0
BRDA:3,0,0,0
BRDA:3,0,1,0
BRDA:3,0,2,0
BRDA:3,0,3,0
BRDA:18,1,0,0
BRDA:18,1,1,0
BRDA:18,1,2,0
BRDA:18,1,3,0
BRDA:27,2,0,0
BRDA:27,2,1,0
BRDA:34,3,0,0
BRDA:34,3,1,0
BRF:12
BRH:0
end_of_record
TN:
SF:/Users/pirman/Documents/git/nexus-search-webapp/server/elastic-search/facets/__snapshots__/mapping-to-aggs.test.js.snap
FNF:0
FNH:0
DA:3,0
DA:20,0
DA:49,0
DA:71,0
LF:4
LH:0
BRF:0
BRH:0
end_of_record
TN:
SF:/Users/pirman/Documents/git/nexus-search-webapp/server/elastic-search/types/index.js
FNF:0
FNH:0
DA:1,0
DA:2,0
LF:2
LH:0
BRF:0
BRH:0
end_of_record
TN:
SF:/Users/pirman/Documents/git/nexus-search-webapp/server/elastic-search/types/normalizer.js
FN:14,normalizer
FN:21,(anonymous_1)
FNF:2
FNH:2
FNDA:2,normalizer
FNDA:14,(anonymous_1)
DA:3,1
DA:15,2
DA:17,2
DA:21,2
DA:22,14
DA:23,14
DA:25,2
LF:7
LH:7
BRF:0
BRH:0
end_of_record
TN:
SF:/Users/pirman/Documents/git/nexus-search-webapp/server/elastic-search/types/query-builder.js
FN:15,makeQueryStringWithText
FN:29,makeTypeQuery
FNF:2
FNH:2
FNDA:2,makeQueryStringWithText
FNDA:5,makeTypeQuery
DA:1,1
DA:16,2
DA:30,5
DA:33,5
DA:34,2
DA:36,5
LF:6
LH:6
BRDA:29,0,0,3
BRDA:33,1,0,2
BRDA:33,1,1,3
BRF:3
BRH:3
end_of_record
TN:
SF:/Users/pirman/Documents/git/nexus-search-webapp/server/elastic-search/types/__snapshots__/normalizer.test.js.snap
FNF:0
FNH:0
DA:3,0
LF:1
LH:0
BRF:0
BRH:0
end_of_record
TN:
SF:/Users/pirman/Documents/git/nexus-search-webapp/server/libs/async.js
FN:9,awaitTo
FNF:1
FNH:1
FNDA:16,awaitTo
DA:10,16
DA:11,16
DA:12,12
DA:14,4
DA:18,1
LF:5
LH:5
BRF:0
BRH:0
end_of_record
TN:
SF:/Users/pirman/Documents/git/nexus-search-webapp/server/libs/object.js
FN:1,(anonymous_0)
FN:2,(anonymous_1)
FNF:2
FNH:2
FNDA:15,(anonymous_0)
FNDA:45,(anonymous_1)
DA:1,1
DA:2,45
LF:2
LH:2
BRDA:2,0,0,28
BRDA:2,0,1,17
BRDA:2,1,0,45
BRDA:2,1,1,34
BRF:4
BRH:4
end_of_record
TN:
SF:/Users/pirman/Documents/git/nexus-search-webapp/src/components/Icons.js
FNF:0
FNH:0
DA:1,0
DA:2,0
DA:3,0
DA:4,0
DA:5,0
DA:6,0
DA:7,0
LF:7
LH:0
BRF:0
BRH:0
end_of_record
TN:
SF:/Users/pirman/Documents/git/nexus-search-webapp/src/components/SearchBar.js
FN:77,SearchBar
FN:101,mapStateToProps
FN:108,mapDispatchToProps
FNF:3
FNH:0
FNDA:0,SearchBar
FNDA:0,mapStateToProps
FNDA:0,mapDispatchToProps
DA:1,0
DA:2,0
DA:3,0
DA:4,0
DA:5,0
DA:6,0
DA:8,0
DA:9,0
DA:77,0
DA:90,0
DA:93,0
DA:96,0
DA:97,0
DA:101,0
DA:102,0
DA:103,0
DA:109,0
LF:17
LH:0
BRDA:93,0,0,0
BRDA:93,0,1,0
BRF:2
BRH:0
end_of_record
TN:
SF:/Users/pirman/Documents/git/nexus-search-webapp/src/components/SearchResults.js
FN:16,Paginate
FN:41,SearchToolbar
FN:51,onChange
FN:55,onChange
FN:68,SearchResultsList
FN:71,(anonymous_12)
FN:75,onClick
FN:85,SearchResultsGrid
FN:88,(anonymous_15)
FN:101,SearchResultsFound
FN:141,SearchResults
FN:182,SearchResultsContainer
FN:206,(anonymous_23)
FN:234,mapStateToProps
FN:250,mapDispatchToProps
FNF:15
FNH:0
FNDA:0,Paginate
FNDA:0,SearchToolbar
FNDA:0,onChange
FNDA:0,onChange
FNDA:0,SearchResultsList
FNDA:0,(anonymous_12)
FNDA:0,onClick
FNDA:0,SearchResultsGrid
FNDA:0,(anonymous_15)
FNDA:0,SearchResultsFound
FNDA:0,SearchResults
FNDA:0,SearchResultsContainer
FNDA:0,(anonymous_23)
FNDA:0,mapStateToProps
FNDA:0,mapDispatchToProps
DA:1,0
DA:2,0
DA:3,0
DA:4,0
DA:5,0
DA:6,0
DA:7,0
DA:8,0
DA:9,0
DA:10,0
DA:11,0
DA:12,0
DA:14,0
DA:16,0
DA:17,0
DA:35,0
DA:41,0
DA:42,0
DA:43,0
DA:44,0
DA:45,0
DA:68,0
DA:69,0
DA:72,0
DA:75,0
DA:85,0
DA:86,0
DA:89,0
DA:101,0
DA:110,0
DA:141,0
DA:144,0
DA:145,0
DA:182,0
DA:184,0
DA:188,0
DA:191,0
DA:194,0
DA:195,0
DA:197,0
DA:198,0
DA:200,0
DA:201,0
DA:204,0
DA:205,0
DA:206,0
DA:208,0
DA:209,0
DA:210,0
DA:211,0
DA:214,0
DA:215,0
DA:223,0
DA:234,0
DA:235,0
DA:236,0
DA:237,0
DA:238,0
DA:251,0
LF:59
LH:0
BRDA:122,0,0,0
BRDA:122,0,1,0
BRDA:129,1,0,0
BRDA:129,1,1,0
BRDA:147,2,0,0
BRDA:147,2,1,0
BRDA:154,3,0,0
BRDA:154,3,1,0
BRDA:164,4,0,0
BRDA:164,4,1,0
BRDA:164,4,2,0
BRDA:182,5,0,0
BRDA:182,5,1,0
BRDA:188,6,0,0
BRDA:188,6,1,0
BRDA:194,7,0,0
BRDA:194,7,1,0
BRDA:197,8,0,0
BRDA:197,8,1,0
BRDA:200,9,0,0
BRDA:200,9,1,0
BRF:21
BRH:0
end_of_record
TN:
SF:/Users/pirman/Documents/git/nexus-search-webapp/src/components/Filters/Categories.js
FN:13,uuidv4
FN:14,(anonymous_2)
FN:20,MyTree
FN:27,onInjected
FN:31,onClick
FN:40,icon
FN:51,onInjected
FN:56,onClick
FN:69,onInjected
FN:73,onClick
FN:84,onInjected
FN:88,onClick
FN:99,onInjected
FN:103,onClick
FN:114,Categories
FNF:15
FNH:0
FNDA:0,uuidv4
FNDA:0,(anonymous_2)
FNDA:0,MyTree
FNDA:0,onInjected
FNDA:0,onClick
FNDA:0,icon
FNDA:0,onInjected
FNDA:0,onClick
FNDA:0,onInjected
FNDA:0,onClick
FNDA:0,onInjected
FNDA:0,onClick
FNDA:0,onInjected
FNDA:0,onClick
FNDA:0,Categories
DA:1,0
DA:2,0
DA:3,0
DA:4,0
DA:5,0
DA:6,0
DA:7,0
DA:8,0
DA:9,0
DA:14,0
DA:15,0
DA:16,0
DA:20,0
DA:21,0
DA:40,0
DA:52,0
DA:57,0
DA:114,0
LF:18
LH:0
BRDA:15,0,0,0
BRDA:15,0,1,0
BRDA:41,1,0,0
BRDA:41,1,1,0
BRF:4
BRH:0
end_of_record
TN:
SF:/Users/pirman/Documents/git/nexus-search-webapp/src/components/Filters/Facets.js
FN:11,FacetTitle
FN:18,FacetBody
FN:22,Facet
FN:36,FacetGroup
FN:42,onChange
FN:43,(anonymous_12)
FN:63,FacetsComponent
FN:72,(anonymous_14)
FN:102,(anonymous_20)
FN:123,mapStateToProps
FN:129,(anonymous_23)
FN:133,(anonymous_24)
FN:152,mapDispatchToProps
FNF:13
FNH:0
FNDA:0,FacetTitle
FNDA:0,FacetBody
FNDA:0,Facet
FNDA:0,FacetGroup
FNDA:0,onChange
FNDA:0,(anonymous_12)
FNDA:0,FacetsComponent
FNDA:0,(anonymous_14)
FNDA:0,(anonymous_20)
FNDA:0,mapStateToProps
FNDA:0,(anonymous_23)
FNDA:0,(anonymous_24)
FNDA:0,mapDispatchToProps
DA:1,0
DA:2,0
DA:3,0
DA:4,0
DA:5,0
DA:6,0
DA:7,0
DA:8,0
DA:9,0
DA:11,0
DA:18,0
DA:22,0
DA:23,0
DA:36,0
DA:37,0
DA:38,0
DA:42,0
DA:43,0
DA:63,0
DA:72,0
DA:78,0
DA:88,0
DA:91,0
DA:92,0
DA:93,0
DA:95,0
DA:96,0
DA:99,0
DA:100,0
DA:101,0
DA:102,0
DA:103,0
DA:107,0
DA:108,0
DA:112,0
DA:123,0
DA:124,0
DA:125,0
DA:126,0
DA:127,0
DA:128,0
DA:129,0
DA:130,0
DA:131,0
DA:132,0
DA:133,0
DA:134,0
DA:135,0
DA:137,0
DA:140,0
DA:143,0
DA:153,0
LF:52
LH:0
BRDA:43,0,0,0
BRDA:43,0,1,0
BRDA:43,0,2,0
BRDA:65,1,0,0
BRDA:65,1,1,0
BRDA:68,2,0,0
BRDA:68,2,1,0
BRDA:68,2,2,0
BRDA:68,2,3,0
BRDA:92,3,0,0
BRDA:92,3,1,0
BRDA:95,4,0,0
BRDA:95,4,1,0
BRDA:127,5,0,0
BRDA:127,5,1,0
BRDA:128,6,0,0
BRDA:128,6,1,0
BRDA:131,7,0,0
BRDA:131,7,1,0
BRDA:134,8,0,0
BRDA:134,8,1,0
BRF:21
BRH:0
end_of_record
TN:
SF:/Users/pirman/Documents/git/nexus-search-webapp/src/components/Filters/Types.js
FN:11,Type
FN:14,onMouseLeave
FN:14,onMouseEnter
FN:14,onClick
FN:22,TypesComponent
FN:30,(anonymous_12)
FN:45,TypesContainer
FN:85,mapStateToProps
FN:98,mapDispatchToProps
FNF:9
FNH:0
FNDA:0,Type
FNDA:0,onMouseLeave
FNDA:0,onMouseEnter
FNDA:0,onClick
FNDA:0,TypesComponent
FNDA:0,(anonymous_12)
FNDA:0,TypesContainer
FNDA:0,mapStateToProps
FNDA:0,mapDispatchToProps
DA:1,0
DA:2,0
DA:3,0
DA:4,0
DA:5,0
DA:6,0
DA:7,0
DA:8,0
DA:11,0
DA:12,0
DA:13,0
DA:14,0
DA:22,0
DA:30,0
DA:37,0
DA:45,0
DA:49,0
DA:52,0
DA:53,0
DA:54,0
DA:58,0
DA:61,0
DA:64,0
DA:66,0
DA:67,0
DA:68,0
DA:69,0
DA:70,0
DA:71,0
DA:75,0
DA:85,0
DA:86,0
DA:87,0
DA:88,0
DA:89,0
DA:99,0
LF:36
LH:0
BRDA:12,0,0,0
BRDA:12,0,1,0
BRDA:15,1,0,0
BRDA:15,1,1,0
BRDA:28,2,0,0
BRDA:28,2,1,0
BRDA:29,3,0,0
BRDA:29,3,1,0
BRDA:45,4,0,0
BRDA:45,4,1,0
BRDA:53,5,0,0
BRDA:53,5,1,0
BRF:12
BRH:0
end_of_record
TN:
SF:/Users/pirman/Documents/git/nexus-search-webapp/src/store/actions/facetNormalizer.js
FN:5,makeFacetsFromAggs
FN:6,(anonymous_1)
FN:14,(anonymous_2)
FN:30,facetNormalizer
FN:32,(anonymous_4)
FNF:5
FNH:5
FNDA:13,makeFacetsFromAggs
FNDA:34,(anonymous_1)
FNDA:32,(anonymous_2)
FNDA:3,facetNormalizer
FNDA:11,(anonymous_4)
DA:3,1
DA:6,13
DA:7,34
DA:8,34
DA:9,34
DA:10,34
DA:11,14
DA:15,32
DA:22,20
DA:23,10
DA:25,10
DA:31,3
DA:32,11
LF:13
LH:13
BRDA:7,0,0,26
BRDA:7,0,1,8
BRDA:10,1,0,14
BRDA:10,1,1,20
BRDA:10,2,0,34
BRDA:10,2,1,24
BRDA:22,3,0,10
BRDA:22,3,1,10
BRDA:22,4,0,20
BRDA:22,4,1,10
BRF:10
BRH:10
end_of_record
TN:
SF:/Users/pirman/Documents/git/nexus-search-webapp/src/store/actions/facets.js
FN:12,fetchFacets
FN:13,(anonymous_3)
FN:21,(anonymous_4)
FN:31,(anonymous_5)
FN:38,(anonymous_6)
FN:45,fetchFacetsStarted
FN:51,fetchFacetsFulfilled
FN:58,fetchFacetsFailed
FNF:8
FNH:0
FNDA:0,fetchFacets
FNDA:0,(anonymous_3)
FNDA:0,(anonymous_4)
FNDA:0,(anonymous_5)
FNDA:0,(anonymous_6)
FNDA:0,fetchFacetsStarted
FNDA:0,fetchFacetsFulfilled
FNDA:0,fetchFacetsFailed
DA:1,0
DA:2,0
DA:3,0
DA:13,0
DA:14,0
DA:15,0
DA:16,0
DA:17,0
DA:18,0
DA:20,0
DA:22,0
DA:23,0
DA:25,0
DA:32,0
DA:39,0
DA:40,0
DA:46,0
DA:52,0
DA:59,0
LF:19
LH:0
BRDA:22,0,0,0
BRDA:22,0,1,0
BRF:2
BRH:0
end_of_record
TN:
SF:/Users/pirman/Documents/git/nexus-search-webapp/src/store/actions/navigate.js
FN:7,updateQuery
FN:8,(anonymous_3)
FN:28,navigate
FN:29,(anonymous_5)
FN:35,goToSearch
FN:36,(anonymous_7)
FN:42,goToEntityByID
FN:43,(anonymous_9)
FN:48,goDown
FN:49,(anonymous_11)
FN:64,reconcileRoutes
FN:65,(anonymous_13)
FN:74,fetchListFailed
FNF:13
FNH:0
FNDA:0,updateQuery
FNDA:0,(anonymous_3)
FNDA:0,navigate
FNDA:0,(anonymous_5)
FNDA:0,goToSearch
FNDA:0,(anonymous_7)
FNDA:0,goToEntityByID
FNDA:0,(anonymous_9)
FNDA:0,goDown
FNDA:0,(anonymous_11)
FNDA:0,reconcileRoutes
FNDA:0,(anonymous_13)
FNDA:0,fetchListFailed
DA:1,0
DA:2,0
DA:3,0
DA:4,0
DA:5,0
DA:7,0
DA:8,0
DA:9,0
DA:10,0
DA:12,0
DA:15,0
DA:18,0
DA:19,0
DA:20,0
DA:21,0
DA:22,0
DA:24,0
DA:28,0
DA:29,0
DA:30,0
DA:31,0
DA:35,0
DA:36,0
DA:37,0
DA:38,0
DA:42,0
DA:43,0
DA:44,0
DA:48,0
DA:49,0
DA:50,0
DA:51,0
DA:54,0
DA:55,0
DA:56,0
DA:58,0
DA:59,0
DA:60,0
DA:64,0
DA:65,0
DA:66,0
DA:67,0
DA:68,0
DA:69,0
DA:74,0
DA:75,0
DA:76,0
LF:47
LH:0
BRDA:13,0,0,0
BRDA:13,0,1,0
BRDA:16,1,0,0
BRDA:16,1,1,0
BRDA:16,2,0,0
BRDA:16,2,1,0
BRDA:18,3,0,0
BRDA:18,3,1,0
BRDA:21,4,0,0
BRDA:21,4,1,0
BRDA:30,5,0,0
BRDA:30,5,1,0
BRDA:37,6,0,0
BRDA:37,6,1,0
BRDA:55,7,0,0
BRDA:55,7,1,0
BRDA:68,8,0,0
BRDA:68,8,1,0
BRF:18
BRH:0
end_of_record
TN:
SF:/Users/pirman/Documents/git/nexus-search-webapp/src/store/actions/__snapshots__/facetNormalizer.test.js.snap
FNF:0
FNH:0
DA:3,0
DA:40,0
DA:215,0
LF:3
LH:0
BRF:0
BRH:0
end_of_record
